2017-04-22 12:13:16,570 - gia - INFO - 



>>>>>>>>>>>>>>>>>>>>>>>>>>>>>Experiment started --------------------------------------------------------------------------------
2017-04-22 12:13:16,570 - gia - INFO - 



>>>>>>>>>>>>>>>>>>>>>>>>>>>>>Experiment started --------------------------------------------------------------------------------
2017-04-22 12:13:16,570 - gia - INFO - 



>>>>>>>>>>>>>>>>>>>>>>>>>>>>>Experiment started --------------------------------------------------------------------------------
2017-04-22 12:13:16,681 - gia - INFO - Type of h: <type 'numpy.ndarray'>
2017-04-22 12:13:16,681 - gia - INFO - Type of h: <type 'numpy.ndarray'>
2017-04-22 12:13:16,681 - gia - INFO - Type of h: <type 'numpy.ndarray'>
2017-04-22 12:13:16,847 - gia - INFO - [ 3.04112063 -3.67866731 -1.17348708  2.93147821  0.79756125  1.05547268]
2017-04-22 12:13:16,847 - gia - INFO - [ 3.04112063 -3.67866731 -1.17348708  2.93147821  0.79756125  1.05547268]
2017-04-22 12:13:16,847 - gia - INFO - [ 3.04112063 -3.67866731 -1.17348708  2.93147821  0.79756125  1.05547268]
2017-04-22 12:13:17,012 - gia - INFO - Type of Jz: <type 'numpy.ndarray'>
2017-04-22 12:13:17,012 - gia - INFO - Type of Jz: <type 'numpy.ndarray'>
2017-04-22 12:13:17,012 - gia - INFO - Type of Jz: <type 'numpy.ndarray'>
2017-04-22 12:13:17,178 - gia - INFO - [ 3.69013238 -0.74627104 -1.04323029  0.49582563  5.96779    -0.05325262]
2017-04-22 12:13:17,178 - gia - INFO - [ 3.69013238 -0.74627104 -1.04323029  0.49582563  5.96779    -0.05325262]
2017-04-22 12:13:17,178 - gia - INFO - [ 3.69013238 -0.74627104 -1.04323029  0.49582563  5.96779    -0.05325262]
2017-04-22 12:13:17,344 - gia - INFO - Type of Jx: <type 'numpy.ndarray'>
2017-04-22 12:13:17,344 - gia - INFO - Type of Jx: <type 'numpy.ndarray'>
2017-04-22 12:13:17,344 - gia - INFO - Type of Jx: <type 'numpy.ndarray'>
2017-04-22 12:13:17,510 - gia - INFO - [-2.17787959 -2.91047937  6.230578   -0.70002367  1.66898162 -3.21664487]
2017-04-22 12:13:17,510 - gia - INFO - [-2.17787959 -2.91047937  6.230578   -0.70002367  1.66898162 -3.21664487]
2017-04-22 12:13:17,510 - gia - INFO - [-2.17787959 -2.91047937  6.230578   -0.70002367  1.66898162 -3.21664487]
2017-04-22 12:13:17,675 - gia - INFO - Type of Jy: <type 'numpy.ndarray'>
2017-04-22 12:13:17,675 - gia - INFO - Type of Jy: <type 'numpy.ndarray'>
2017-04-22 12:13:17,675 - gia - INFO - Type of Jy: <type 'numpy.ndarray'>
2017-04-22 12:13:17,842 - gia - INFO - [-2.30586685  4.89612959  1.65111682  0.66877087 -5.59718886 -6.12852134]
2017-04-22 12:13:17,842 - gia - INFO - [-2.30586685  4.89612959  1.65111682  0.66877087 -5.59718886 -6.12852134]
2017-04-22 12:13:17,842 - gia - INFO - [-2.30586685  4.89612959  1.65111682  0.66877087 -5.59718886 -6.12852134]
2017-04-22 12:13:18,007 - gia - INFO - Type of taulist: <type 'numpy.ndarray'>
2017-04-22 12:13:18,007 - gia - INFO - Type of taulist: <type 'numpy.ndarray'>
2017-04-22 12:13:18,007 - gia - INFO - Type of taulist: <type 'numpy.ndarray'>
2017-04-22 12:13:18,176 - gia - INFO - [ 0.          0.05050505  0.1010101   0.15151515  0.2020202   0.25252525
  0.3030303   0.35353535  0.4040404   0.45454545  0.50505051  0.55555556
  0.60606061  0.65656566  0.70707071  0.75757576  0.80808081  0.85858586
  0.90909091  0.95959596  1.01010101  1.06060606  1.11111111  1.16161616
  1.21212121  1.26262626  1.31313131  1.36363636  1.41414141  1.46464646
  1.51515152  1.56565657  1.61616162  1.66666667  1.71717172  1.76767677
  1.81818182  1.86868687  1.91919192  1.96969697  2.02020202  2.07070707
  2.12121212  2.17171717  2.22222222  2.27272727  2.32323232  2.37373737
  2.42424242  2.47474747  2.52525253  2.57575758  2.62626263  2.67676768
  2.72727273  2.77777778  2.82828283  2.87878788  2.92929293  2.97979798
  3.03030303  3.08080808  3.13131313  3.18181818  3.23232323  3.28282828
  3.33333333  3.38383838  3.43434343  3.48484848  3.53535354  3.58585859
  3.63636364  3.68686869  3.73737374  3.78787879  3.83838384  3.88888889
  3.93939394  3.98989899  4.04040404  4.09090909  4.14141414  4.19191919
  4.24242424  4.29292929  4.34343434  4.39393939  4.44444444  4.49494949
  4.54545455  4.5959596   4.64646465  4.6969697   4.74747475  4.7979798
  4.84848485  4.8989899   4.94949495  5.        ]
2017-04-22 12:13:18,176 - gia - INFO - [ 0.          0.05050505  0.1010101   0.15151515  0.2020202   0.25252525
  0.3030303   0.35353535  0.4040404   0.45454545  0.50505051  0.55555556
  0.60606061  0.65656566  0.70707071  0.75757576  0.80808081  0.85858586
  0.90909091  0.95959596  1.01010101  1.06060606  1.11111111  1.16161616
  1.21212121  1.26262626  1.31313131  1.36363636  1.41414141  1.46464646
  1.51515152  1.56565657  1.61616162  1.66666667  1.71717172  1.76767677
  1.81818182  1.86868687  1.91919192  1.96969697  2.02020202  2.07070707
  2.12121212  2.17171717  2.22222222  2.27272727  2.32323232  2.37373737
  2.42424242  2.47474747  2.52525253  2.57575758  2.62626263  2.67676768
  2.72727273  2.77777778  2.82828283  2.87878788  2.92929293  2.97979798
  3.03030303  3.08080808  3.13131313  3.18181818  3.23232323  3.28282828
  3.33333333  3.38383838  3.43434343  3.48484848  3.53535354  3.58585859
  3.63636364  3.68686869  3.73737374  3.78787879  3.83838384  3.88888889
  3.93939394  3.98989899  4.04040404  4.09090909  4.14141414  4.19191919
  4.24242424  4.29292929  4.34343434  4.39393939  4.44444444  4.49494949
  4.54545455  4.5959596   4.64646465  4.6969697   4.74747475  4.7979798
  4.84848485  4.8989899   4.94949495  5.        ]
2017-04-22 12:13:18,176 - gia - INFO - [ 0.          0.05050505  0.1010101   0.15151515  0.2020202   0.25252525
  0.3030303   0.35353535  0.4040404   0.45454545  0.50505051  0.55555556
  0.60606061  0.65656566  0.70707071  0.75757576  0.80808081  0.85858586
  0.90909091  0.95959596  1.01010101  1.06060606  1.11111111  1.16161616
  1.21212121  1.26262626  1.31313131  1.36363636  1.41414141  1.46464646
  1.51515152  1.56565657  1.61616162  1.66666667  1.71717172  1.76767677
  1.81818182  1.86868687  1.91919192  1.96969697  2.02020202  2.07070707
  2.12121212  2.17171717  2.22222222  2.27272727  2.32323232  2.37373737
  2.42424242  2.47474747  2.52525253  2.57575758  2.62626263  2.67676768
  2.72727273  2.77777778  2.82828283  2.87878788  2.92929293  2.97979798
  3.03030303  3.08080808  3.13131313  3.18181818  3.23232323  3.28282828
  3.33333333  3.38383838  3.43434343  3.48484848  3.53535354  3.58585859
  3.63636364  3.68686869  3.73737374  3.78787879  3.83838384  3.88888889
  3.93939394  3.98989899  4.04040404  4.09090909  4.14141414  4.19191919
  4.24242424  4.29292929  4.34343434  4.39393939  4.44444444  4.49494949
  4.54545455  4.5959596   4.64646465  4.6969697   4.74747475  4.7979798
  4.84848485  4.8989899   4.94949495  5.        ]
2017-04-22 12:13:18,339 - gia - INFO - Type of taulist: <class 'qutip.qobj.Qobj'>
2017-04-22 12:13:18,339 - gia - INFO - Type of taulist: <class 'qutip.qobj.Qobj'>
2017-04-22 12:13:18,339 - gia - INFO - Type of taulist: <class 'qutip.qobj.Qobj'>
2017-04-22 12:13:18,505 - gia - INFO - Quantum object: dims = [[2], [2]], shape = (2, 2), type = oper, isherm = True
Qobj data =
[[ 1.  0.]
 [ 0.  1.]]
2017-04-22 12:13:18,505 - gia - INFO - Quantum object: dims = [[2], [2]], shape = (2, 2), type = oper, isherm = True
Qobj data =
[[ 1.  0.]
 [ 0.  1.]]
2017-04-22 12:13:18,505 - gia - INFO - Quantum object: dims = [[2], [2]], shape = (2, 2), type = oper, isherm = True
Qobj data =
[[ 1.  0.]
 [ 0.  1.]]
2017-04-22 12:13:18,671 - gia - INFO - Type of taulist: <class 'qutip.qobj.Qobj'>
2017-04-22 12:13:18,671 - gia - INFO - Type of taulist: <class 'qutip.qobj.Qobj'>
2017-04-22 12:13:18,671 - gia - INFO - Type of taulist: <class 'qutip.qobj.Qobj'>
2017-04-22 12:13:18,837 - gia - INFO - Quantum object: dims = [[2], [2]], shape = (2, 2), type = oper, isherm = True
Qobj data =
[[ 0.  1.]
 [ 1.  0.]]
2017-04-22 12:13:18,837 - gia - INFO - Quantum object: dims = [[2], [2]], shape = (2, 2), type = oper, isherm = True
Qobj data =
[[ 0.  1.]
 [ 1.  0.]]
2017-04-22 12:13:18,837 - gia - INFO - Quantum object: dims = [[2], [2]], shape = (2, 2), type = oper, isherm = True
Qobj data =
[[ 0.  1.]
 [ 1.  0.]]
2017-04-22 12:13:19,003 - gia - INFO - Type of taulist: <class 'qutip.qobj.Qobj'>
2017-04-22 12:13:19,003 - gia - INFO - Type of taulist: <class 'qutip.qobj.Qobj'>
2017-04-22 12:13:19,003 - gia - INFO - Type of taulist: <class 'qutip.qobj.Qobj'>
2017-04-22 12:13:19,169 - gia - INFO - Quantum object: dims = [[2], [2]], shape = (2, 2), type = oper, isherm = True
Qobj data =
[[ 0.+0.j  0.-1.j]
 [ 0.+1.j  0.+0.j]]
2017-04-22 12:13:19,169 - gia - INFO - Quantum object: dims = [[2], [2]], shape = (2, 2), type = oper, isherm = True
Qobj data =
[[ 0.+0.j  0.-1.j]
 [ 0.+1.j  0.+0.j]]
2017-04-22 12:13:19,169 - gia - INFO - Quantum object: dims = [[2], [2]], shape = (2, 2), type = oper, isherm = True
Qobj data =
[[ 0.+0.j  0.-1.j]
 [ 0.+1.j  0.+0.j]]
2017-04-22 12:13:19,357 - gia - INFO - Type of taulist: <class 'qutip.qobj.Qobj'>
2017-04-22 12:13:19,357 - gia - INFO - Type of taulist: <class 'qutip.qobj.Qobj'>
2017-04-22 12:13:19,357 - gia - INFO - Type of taulist: <class 'qutip.qobj.Qobj'>
2017-04-22 12:13:19,545 - gia - INFO - Quantum object: dims = [[2], [2]], shape = (2, 2), type = oper, isherm = True
Qobj data =
[[ 1.  0.]
 [ 0. -1.]]
2017-04-22 12:13:19,545 - gia - INFO - Quantum object: dims = [[2], [2]], shape = (2, 2), type = oper, isherm = True
Qobj data =
[[ 1.  0.]
 [ 0. -1.]]
2017-04-22 12:13:19,545 - gia - INFO - Quantum object: dims = [[2], [2]], shape = (2, 2), type = oper, isherm = True
Qobj data =
[[ 1.  0.]
 [ 0. -1.]]
2017-04-22 12:13:19,716 - gia - INFO - Type of psi_list: <type 'list'>
2017-04-22 12:13:19,716 - gia - INFO - Type of psi_list: <type 'list'>
2017-04-22 12:13:19,716 - gia - INFO - Type of psi_list: <type 'list'>
2017-04-22 12:13:19,890 - gia - INFO - [Quantum object: dims = [[2], [1]], shape = (2, 1), type = ket
Qobj data =
[[ 1.]
 [ 0.]], Quantum object: dims = [[2], [1]], shape = (2, 1), type = ket
Qobj data =
[[ 1.]
 [ 0.]], Quantum object: dims = [[2], [1]], shape = (2, 1), type = ket
Qobj data =
[[ 1.]
 [ 0.]], Quantum object: dims = [[2], [1]], shape = (2, 1), type = ket
Qobj data =
[[ 1.]
 [ 0.]], Quantum object: dims = [[2], [1]], shape = (2, 1), type = ket
Qobj data =
[[ 1.]
 [ 0.]], Quantum object: dims = [[2], [1]], shape = (2, 1), type = ket
Qobj data =
[[ 1.]
 [ 0.]]]
2017-04-22 12:13:19,890 - gia - INFO - [Quantum object: dims = [[2], [1]], shape = (2, 1), type = ket
Qobj data =
[[ 1.]
 [ 0.]], Quantum object: dims = [[2], [1]], shape = (2, 1), type = ket
Qobj data =
[[ 1.]
 [ 0.]], Quantum object: dims = [[2], [1]], shape = (2, 1), type = ket
Qobj data =
[[ 1.]
 [ 0.]], Quantum object: dims = [[2], [1]], shape = (2, 1), type = ket
Qobj data =
[[ 1.]
 [ 0.]], Quantum object: dims = [[2], [1]], shape = (2, 1), type = ket
Qobj data =
[[ 1.]
 [ 0.]], Quantum object: dims = [[2], [1]], shape = (2, 1), type = ket
Qobj data =
[[ 1.]
 [ 0.]]]
2017-04-22 12:13:19,890 - gia - INFO - [Quantum object: dims = [[2], [1]], shape = (2, 1), type = ket
Qobj data =
[[ 1.]
 [ 0.]], Quantum object: dims = [[2], [1]], shape = (2, 1), type = ket
Qobj data =
[[ 1.]
 [ 0.]], Quantum object: dims = [[2], [1]], shape = (2, 1), type = ket
Qobj data =
[[ 1.]
 [ 0.]], Quantum object: dims = [[2], [1]], shape = (2, 1), type = ket
Qobj data =
[[ 1.]
 [ 0.]], Quantum object: dims = [[2], [1]], shape = (2, 1), type = ket
Qobj data =
[[ 1.]
 [ 0.]], Quantum object: dims = [[2], [1]], shape = (2, 1), type = ket
Qobj data =
[[ 1.]
 [ 0.]]]
2017-04-22 12:13:20,053 - gia - INFO - Type of psi0: <class 'qutip.qobj.Qobj'>
2017-04-22 12:13:20,053 - gia - INFO - Type of psi0: <class 'qutip.qobj.Qobj'>
2017-04-22 12:13:20,053 - gia - INFO - Type of psi0: <class 'qutip.qobj.Qobj'>
2017-04-22 12:13:20,221 - gia - INFO - Quantum object: dims = [[2, 2, 2, 2, 2, 2], [1, 1, 1, 1, 1, 1]], shape = (64, 1), type = ket
Qobj data =
[[ 1.]
 [ 0.]
 [ 0.]
 [ 0.]
 [ 0.]
 [ 0.]
 [ 0.]
 [ 0.]
 [ 0.]
 [ 0.]
 [ 0.]
 [ 0.]
 [ 0.]
 [ 0.]
 [ 0.]
 [ 0.]
 [ 0.]
 [ 0.]
 [ 0.]
 [ 0.]
 [ 0.]
 [ 0.]
 [ 0.]
 [ 0.]
 [ 0.]
 [ 0.]
 [ 0.]
 [ 0.]
 [ 0.]
 [ 0.]
 [ 0.]
 [ 0.]
 [ 0.]
 [ 0.]
 [ 0.]
 [ 0.]
 [ 0.]
 [ 0.]
 [ 0.]
 [ 0.]
 [ 0.]
 [ 0.]
 [ 0.]
 [ 0.]
 [ 0.]
 [ 0.]
 [ 0.]
 [ 0.]
 [ 0.]
 [ 0.]
 [ 0.]
 [ 0.]
 [ 0.]
 [ 0.]
 [ 0.]
 [ 0.]
 [ 0.]
 [ 0.]
 [ 0.]
 [ 0.]
 [ 0.]
 [ 0.]
 [ 0.]
 [ 0.]]
2017-04-22 12:13:20,221 - gia - INFO - Quantum object: dims = [[2, 2, 2, 2, 2, 2], [1, 1, 1, 1, 1, 1]], shape = (64, 1), type = ket
Qobj data =
[[ 1.]
 [ 0.]
 [ 0.]
 [ 0.]
 [ 0.]
 [ 0.]
 [ 0.]
 [ 0.]
 [ 0.]
 [ 0.]
 [ 0.]
 [ 0.]
 [ 0.]
 [ 0.]
 [ 0.]
 [ 0.]
 [ 0.]
 [ 0.]
 [ 0.]
 [ 0.]
 [ 0.]
 [ 0.]
 [ 0.]
 [ 0.]
 [ 0.]
 [ 0.]
 [ 0.]
 [ 0.]
 [ 0.]
 [ 0.]
 [ 0.]
 [ 0.]
 [ 0.]
 [ 0.]
 [ 0.]
 [ 0.]
 [ 0.]
 [ 0.]
 [ 0.]
 [ 0.]
 [ 0.]
 [ 0.]
 [ 0.]
 [ 0.]
 [ 0.]
 [ 0.]
 [ 0.]
 [ 0.]
 [ 0.]
 [ 0.]
 [ 0.]
 [ 0.]
 [ 0.]
 [ 0.]
 [ 0.]
 [ 0.]
 [ 0.]
 [ 0.]
 [ 0.]
 [ 0.]
 [ 0.]
 [ 0.]
 [ 0.]
 [ 0.]]
2017-04-22 12:13:20,221 - gia - INFO - Quantum object: dims = [[2, 2, 2, 2, 2, 2], [1, 1, 1, 1, 1, 1]], shape = (64, 1), type = ket
Qobj data =
[[ 1.]
 [ 0.]
 [ 0.]
 [ 0.]
 [ 0.]
 [ 0.]
 [ 0.]
 [ 0.]
 [ 0.]
 [ 0.]
 [ 0.]
 [ 0.]
 [ 0.]
 [ 0.]
 [ 0.]
 [ 0.]
 [ 0.]
 [ 0.]
 [ 0.]
 [ 0.]
 [ 0.]
 [ 0.]
 [ 0.]
 [ 0.]
 [ 0.]
 [ 0.]
 [ 0.]
 [ 0.]
 [ 0.]
 [ 0.]
 [ 0.]
 [ 0.]
 [ 0.]
 [ 0.]
 [ 0.]
 [ 0.]
 [ 0.]
 [ 0.]
 [ 0.]
 [ 0.]
 [ 0.]
 [ 0.]
 [ 0.]
 [ 0.]
 [ 0.]
 [ 0.]
 [ 0.]
 [ 0.]
 [ 0.]
 [ 0.]
 [ 0.]
 [ 0.]
 [ 0.]
 [ 0.]
 [ 0.]
 [ 0.]
 [ 0.]
 [ 0.]
 [ 0.]
 [ 0.]
 [ 0.]
 [ 0.]
 [ 0.]
 [ 0.]]
2017-04-22 12:13:20,388 - gia - INFO - Type of H0: <class 'qutip.qobj.Qobj'>
2017-04-22 12:13:20,388 - gia - INFO - Type of H0: <class 'qutip.qobj.Qobj'>
2017-04-22 12:13:20,388 - gia - INFO - Type of H0: <class 'qutip.qobj.Qobj'>
2017-04-22 12:13:20,530 - gia - INFO - Quantum object: dims = [[2, 2, 2, 2, 2, 2], [2, 2, 2, 2, 2, 2]], shape = (64, 64), type = oper, isherm = True
Qobj data =
[[-7.5  0.   0.  ...,  0.   0.   0. ]
 [ 0.  -5.   0.  ...,  0.   0.   0. ]
 [ 0.   0.  -5.  ...,  0.   0.   0. ]
 ..., 
 [ 0.   0.   0.  ...,  5.   0.   0. ]
 [ 0.   0.   0.  ...,  0.   5.   0. ]
 [ 0.   0.   0.  ...,  0.   0.   7.5]]
2017-04-22 12:13:20,530 - gia - INFO - Quantum object: dims = [[2, 2, 2, 2, 2, 2], [2, 2, 2, 2, 2, 2]], shape = (64, 64), type = oper, isherm = True
Qobj data =
[[-7.5  0.   0.  ...,  0.   0.   0. ]
 [ 0.  -5.   0.  ...,  0.   0.   0. ]
 [ 0.   0.  -5.  ...,  0.   0.   0. ]
 ..., 
 [ 0.   0.   0.  ...,  5.   0.   0. ]
 [ 0.   0.   0.  ...,  0.   5.   0. ]
 [ 0.   0.   0.  ...,  0.   0.   7.5]]
2017-04-22 12:13:20,530 - gia - INFO - Quantum object: dims = [[2, 2, 2, 2, 2, 2], [2, 2, 2, 2, 2, 2]], shape = (64, 64), type = oper, isherm = True
Qobj data =
[[-7.5  0.   0.  ...,  0.   0.   0. ]
 [ 0.  -5.   0.  ...,  0.   0.   0. ]
 [ 0.   0.  -5.  ...,  0.   0.   0. ]
 ..., 
 [ 0.   0.   0.  ...,  5.   0.   0. ]
 [ 0.   0.   0.  ...,  0.   5.   0. ]
 [ 0.   0.   0.  ...,  0.   0.   7.5]]
2017-04-22 12:13:20,686 - gia - INFO - Energy splitting terms...
2017-04-22 12:13:20,686 - gia - INFO - Energy splitting terms...
2017-04-22 12:13:20,686 - gia - INFO - Energy splitting terms...
2017-04-22 12:13:20,827 - gia - INFO - Type of H0: <class 'qutip.qobj.Qobj'>
2017-04-22 12:13:20,827 - gia - INFO - Type of H0: <class 'qutip.qobj.Qobj'>
2017-04-22 12:13:20,827 - gia - INFO - Type of H0: <class 'qutip.qobj.Qobj'>
2017-04-22 12:13:20,972 - gia - INFO - Quantum object: dims = [[2, 2, 2, 2, 2, 2], [2, 2, 2, 2, 2, 2]], shape = (64, 64), type = oper, isherm = True
Qobj data =
[[-1.4867392   0.          0.         ...,  0.          0.          0.        ]
 [ 0.         -0.43126651  0.         ...,  0.          0.          0.        ]
 [ 0.          0.         -0.68917794 ...,  0.          0.          0.        ]
 ..., 
 [ 0.          0.          0.         ...,  0.68917794  0.          0.        ]
 [ 0.          0.          0.         ...,  0.          0.43126651  0.        ]
 [ 0.          0.          0.         ...,  0.          0.          1.4867392 ]]
2017-04-22 12:13:20,972 - gia - INFO - Quantum object: dims = [[2, 2, 2, 2, 2, 2], [2, 2, 2, 2, 2, 2]], shape = (64, 64), type = oper, isherm = True
Qobj data =
[[-1.4867392   0.          0.         ...,  0.          0.          0.        ]
 [ 0.         -0.43126651  0.         ...,  0.          0.          0.        ]
 [ 0.          0.         -0.68917794 ...,  0.          0.          0.        ]
 ..., 
 [ 0.          0.          0.         ...,  0.68917794  0.          0.        ]
 [ 0.          0.          0.         ...,  0.          0.43126651  0.        ]
 [ 0.          0.          0.         ...,  0.          0.          1.4867392 ]]
2017-04-22 12:13:20,972 - gia - INFO - Quantum object: dims = [[2, 2, 2, 2, 2, 2], [2, 2, 2, 2, 2, 2]], shape = (64, 64), type = oper, isherm = True
Qobj data =
[[-1.4867392   0.          0.         ...,  0.          0.          0.        ]
 [ 0.         -0.43126651  0.         ...,  0.          0.          0.        ]
 [ 0.          0.         -0.68917794 ...,  0.          0.          0.        ]
 ..., 
 [ 0.          0.          0.         ...,  0.68917794  0.          0.        ]
 [ 0.          0.          0.         ...,  0.          0.43126651  0.        ]
 [ 0.          0.          0.         ...,  0.          0.          1.4867392 ]]
2017-04-22 12:13:21,117 - gia - INFO - Interaction terms...
2017-04-22 12:13:21,117 - gia - INFO - Interaction terms...
2017-04-22 12:13:21,117 - gia - INFO - Interaction terms...
2017-04-22 12:13:21,249 - gia - INFO - Type of H1: <class 'qutip.qobj.Qobj'>
2017-04-22 12:13:21,249 - gia - INFO - Type of H1: <class 'qutip.qobj.Qobj'>
2017-04-22 12:13:21,249 - gia - INFO - Type of H1: <class 'qutip.qobj.Qobj'>
2017-04-22 12:13:21,394 - gia - INFO - Quantum object: dims = [[2, 2, 2, 2, 2, 2], [2, 2, 2, 2, 2, 2]], shape = (64, 64), type = oper, isherm = True
Qobj data =
[[-4.18212334  0.          0.         ...,  0.          0.          0.        ]
 [ 0.          1.78566666  1.96410362 ...,  0.          0.          0.        ]
 [ 0.          1.96410362  2.2814923  ...,  0.          0.          0.        ]
 ..., 
 [ 0.          0.          0.         ...,  2.2814923   1.96410362  0.        ]
 [ 0.          0.          0.         ...,  1.96410362  1.78566666  0.        ]
 [ 0.          0.          0.         ...,  0.          0.         -4.18212334]]
2017-04-22 12:13:21,394 - gia - INFO - Quantum object: dims = [[2, 2, 2, 2, 2, 2], [2, 2, 2, 2, 2, 2]], shape = (64, 64), type = oper, isherm = True
Qobj data =
[[-4.18212334  0.          0.         ...,  0.          0.          0.        ]
 [ 0.          1.78566666  1.96410362 ...,  0.          0.          0.        ]
 [ 0.          1.96410362  2.2814923  ...,  0.          0.          0.        ]
 ..., 
 [ 0.          0.          0.         ...,  2.2814923   1.96410362  0.        ]
 [ 0.          0.          0.         ...,  1.96410362  1.78566666  0.        ]
 [ 0.          0.          0.         ...,  0.          0.         -4.18212334]]
2017-04-22 12:13:21,394 - gia - INFO - Quantum object: dims = [[2, 2, 2, 2, 2, 2], [2, 2, 2, 2, 2, 2]], shape = (64, 64), type = oper, isherm = True
Qobj data =
[[-4.18212334  0.          0.         ...,  0.          0.          0.        ]
 [ 0.          1.78566666  1.96410362 ...,  0.          0.          0.        ]
 [ 0.          1.96410362  2.2814923  ...,  0.          0.          0.        ]
 ..., 
 [ 0.          0.          0.         ...,  2.2814923   1.96410362  0.        ]
 [ 0.          0.          0.         ...,  1.96410362  1.78566666  0.        ]
 [ 0.          0.          0.         ...,  0.          0.         -4.18212334]]
2017-04-22 12:13:21,547 - gia - INFO - the time-dependent hamiltonian in list-function format...
2017-04-22 12:13:21,547 - gia - INFO - the time-dependent hamiltonian in list-function format...
2017-04-22 12:13:21,547 - gia - INFO - the time-dependent hamiltonian in list-function format...
2017-04-22 12:13:21,713 - gia - INFO - Type of args: {'t_max': 5.0}
2017-04-22 12:13:21,713 - gia - INFO - Type of args: {'t_max': 5.0}
2017-04-22 12:13:21,713 - gia - INFO - Type of args: {'t_max': 5.0}
2017-04-22 12:13:21,879 - gia - INFO - {'t_max': 5.0}
2017-04-22 12:13:21,879 - gia - INFO - {'t_max': 5.0}
2017-04-22 12:13:21,879 - gia - INFO - {'t_max': 5.0}
2017-04-22 12:13:22,048 - gia - INFO - Type of args: [[Quantum object: dims = [[2, 2, 2, 2, 2, 2], [2, 2, 2, 2, 2, 2]], shape = (64, 64), type = oper, isherm = True
Qobj data =
[[-7.5  0.   0.  ...,  0.   0.   0. ]
 [ 0.  -5.   0.  ...,  0.   0.   0. ]
 [ 0.   0.  -5.  ...,  0.   0.   0. ]
 ..., 
 [ 0.   0.   0.  ...,  5.   0.   0. ]
 [ 0.   0.   0.  ...,  0.   5.   0. ]
 [ 0.   0.   0.  ...,  0.   0.   7.5]], <function <lambda> at 0x7ff33dd0a938>], [Quantum object: dims = [[2, 2, 2, 2, 2, 2], [2, 2, 2, 2, 2, 2]], shape = (64, 64), type = oper, isherm = True
Qobj data =
[[-4.18212334  0.          0.         ...,  0.          0.          0.        ]
 [ 0.          1.78566666  1.96410362 ...,  0.          0.          0.        ]
 [ 0.          1.96410362  2.2814923  ...,  0.          0.          0.        ]
 ..., 
 [ 0.          0.          0.         ...,  2.2814923   1.96410362  0.        ]
 [ 0.          0.          0.         ...,  1.96410362  1.78566666  0.        ]
 [ 0.          0.          0.         ...,  0.          0.         -4.18212334]], <function <lambda> at 0x7ff33dd0a9b0>]]
2017-04-22 12:13:22,048 - gia - INFO - Type of args: [[Quantum object: dims = [[2, 2, 2, 2, 2, 2], [2, 2, 2, 2, 2, 2]], shape = (64, 64), type = oper, isherm = True
Qobj data =
[[-7.5  0.   0.  ...,  0.   0.   0. ]
 [ 0.  -5.   0.  ...,  0.   0.   0. ]
 [ 0.   0.  -5.  ...,  0.   0.   0. ]
 ..., 
 [ 0.   0.   0.  ...,  5.   0.   0. ]
 [ 0.   0.   0.  ...,  0.   5.   0. ]
 [ 0.   0.   0.  ...,  0.   0.   7.5]], <function <lambda> at 0x7ff33dd0a938>], [Quantum object: dims = [[2, 2, 2, 2, 2, 2], [2, 2, 2, 2, 2, 2]], shape = (64, 64), type = oper, isherm = True
Qobj data =
[[-4.18212334  0.          0.         ...,  0.          0.          0.        ]
 [ 0.          1.78566666  1.96410362 ...,  0.          0.          0.        ]
 [ 0.          1.96410362  2.2814923  ...,  0.          0.          0.        ]
 ..., 
 [ 0.          0.          0.         ...,  2.2814923   1.96410362  0.        ]
 [ 0.          0.          0.         ...,  1.96410362  1.78566666  0.        ]
 [ 0.          0.          0.         ...,  0.          0.         -4.18212334]], <function <lambda> at 0x7ff33dd0a9b0>]]
2017-04-22 12:13:22,048 - gia - INFO - Type of args: [[Quantum object: dims = [[2, 2, 2, 2, 2, 2], [2, 2, 2, 2, 2, 2]], shape = (64, 64), type = oper, isherm = True
Qobj data =
[[-7.5  0.   0.  ...,  0.   0.   0. ]
 [ 0.  -5.   0.  ...,  0.   0.   0. ]
 [ 0.   0.  -5.  ...,  0.   0.   0. ]
 ..., 
 [ 0.   0.   0.  ...,  5.   0.   0. ]
 [ 0.   0.   0.  ...,  0.   5.   0. ]
 [ 0.   0.   0.  ...,  0.   0.   7.5]], <function <lambda> at 0x7ff33dd0a938>], [Quantum object: dims = [[2, 2, 2, 2, 2, 2], [2, 2, 2, 2, 2, 2]], shape = (64, 64), type = oper, isherm = True
Qobj data =
[[-4.18212334  0.          0.         ...,  0.          0.          0.        ]
 [ 0.          1.78566666  1.96410362 ...,  0.          0.          0.        ]
 [ 0.          1.96410362  2.2814923  ...,  0.          0.          0.        ]
 ..., 
 [ 0.          0.          0.         ...,  2.2814923   1.96410362  0.        ]
 [ 0.          0.          0.         ...,  1.96410362  1.78566666  0.        ]
 [ 0.          0.          0.         ...,  0.          0.         -4.18212334]], <function <lambda> at 0x7ff33dd0a9b0>]]
2017-04-22 12:13:22,214 - gia - INFO - [[Quantum object: dims = [[2, 2, 2, 2, 2, 2], [2, 2, 2, 2, 2, 2]], shape = (64, 64), type = oper, isherm = True
Qobj data =
[[-7.5  0.   0.  ...,  0.   0.   0. ]
 [ 0.  -5.   0.  ...,  0.   0.   0. ]
 [ 0.   0.  -5.  ...,  0.   0.   0. ]
 ..., 
 [ 0.   0.   0.  ...,  5.   0.   0. ]
 [ 0.   0.   0.  ...,  0.   5.   0. ]
 [ 0.   0.   0.  ...,  0.   0.   7.5]], <function <lambda> at 0x7ff33dd0a938>], [Quantum object: dims = [[2, 2, 2, 2, 2, 2], [2, 2, 2, 2, 2, 2]], shape = (64, 64), type = oper, isherm = True
Qobj data =
[[-4.18212334  0.          0.         ...,  0.          0.          0.        ]
 [ 0.          1.78566666  1.96410362 ...,  0.          0.          0.        ]
 [ 0.          1.96410362  2.2814923  ...,  0.          0.          0.        ]
 ..., 
 [ 0.          0.          0.         ...,  2.2814923   1.96410362  0.        ]
 [ 0.          0.          0.         ...,  1.96410362  1.78566666  0.        ]
 [ 0.          0.          0.         ...,  0.          0.         -4.18212334]], <function <lambda> at 0x7ff33dd0a9b0>]]
2017-04-22 12:13:22,214 - gia - INFO - [[Quantum object: dims = [[2, 2, 2, 2, 2, 2], [2, 2, 2, 2, 2, 2]], shape = (64, 64), type = oper, isherm = True
Qobj data =
[[-7.5  0.   0.  ...,  0.   0.   0. ]
 [ 0.  -5.   0.  ...,  0.   0.   0. ]
 [ 0.   0.  -5.  ...,  0.   0.   0. ]
 ..., 
 [ 0.   0.   0.  ...,  5.   0.   0. ]
 [ 0.   0.   0.  ...,  0.   5.   0. ]
 [ 0.   0.   0.  ...,  0.   0.   7.5]], <function <lambda> at 0x7ff33dd0a938>], [Quantum object: dims = [[2, 2, 2, 2, 2, 2], [2, 2, 2, 2, 2, 2]], shape = (64, 64), type = oper, isherm = True
Qobj data =
[[-4.18212334  0.          0.         ...,  0.          0.          0.        ]
 [ 0.          1.78566666  1.96410362 ...,  0.          0.          0.        ]
 [ 0.          1.96410362  2.2814923  ...,  0.          0.          0.        ]
 ..., 
 [ 0.          0.          0.         ...,  2.2814923   1.96410362  0.        ]
 [ 0.          0.          0.         ...,  1.96410362  1.78566666  0.        ]
 [ 0.          0.          0.         ...,  0.          0.         -4.18212334]], <function <lambda> at 0x7ff33dd0a9b0>]]
2017-04-22 12:13:22,214 - gia - INFO - [[Quantum object: dims = [[2, 2, 2, 2, 2, 2], [2, 2, 2, 2, 2, 2]], shape = (64, 64), type = oper, isherm = True
Qobj data =
[[-7.5  0.   0.  ...,  0.   0.   0. ]
 [ 0.  -5.   0.  ...,  0.   0.   0. ]
 [ 0.   0.  -5.  ...,  0.   0.   0. ]
 ..., 
 [ 0.   0.   0.  ...,  5.   0.   0. ]
 [ 0.   0.   0.  ...,  0.   5.   0. ]
 [ 0.   0.   0.  ...,  0.   0.   7.5]], <function <lambda> at 0x7ff33dd0a938>], [Quantum object: dims = [[2, 2, 2, 2, 2, 2], [2, 2, 2, 2, 2, 2]], shape = (64, 64), type = oper, isherm = True
Qobj data =
[[-4.18212334  0.          0.         ...,  0.          0.          0.        ]
 [ 0.          1.78566666  1.96410362 ...,  0.          0.          0.        ]
 [ 0.          1.96410362  2.2814923  ...,  0.          0.          0.        ]
 ..., 
 [ 0.          0.          0.         ...,  2.2814923   1.96410362  0.        ]
 [ 0.          0.          0.         ...,  1.96410362  1.78566666  0.        ]
 [ 0.          0.          0.         ...,  0.          0.         -4.18212334]], <function <lambda> at 0x7ff33dd0a9b0>]]
2017-04-22 12:30:05,824 - gia - INFO - Type of h: <type 'numpy.ndarray'>
2017-04-22 12:30:05,824 - gia - INFO - Type of h: <type 'numpy.ndarray'>
2017-04-22 12:30:05,824 - gia - INFO - Type of h: <type 'numpy.ndarray'>
2017-04-22 12:30:05,824 - gia - INFO - Type of h: <type 'numpy.ndarray'>
2017-04-22 12:30:05,824 - gia - INFO - Type of h: <type 'numpy.ndarray'>
2017-04-22 12:30:06,045 - gia - INFO - [-5.12849218  3.50506879 -5.25287968  6.04983699  2.57089882 -4.05732172]
2017-04-22 12:30:06,045 - gia - INFO - [-5.12849218  3.50506879 -5.25287968  6.04983699  2.57089882 -4.05732172]
2017-04-22 12:30:06,045 - gia - INFO - [-5.12849218  3.50506879 -5.25287968  6.04983699  2.57089882 -4.05732172]
2017-04-22 12:30:06,045 - gia - INFO - [-5.12849218  3.50506879 -5.25287968  6.04983699  2.57089882 -4.05732172]
2017-04-22 12:30:06,045 - gia - INFO - [-5.12849218  3.50506879 -5.25287968  6.04983699  2.57089882 -4.05732172]
2017-04-22 12:30:06,320 - gia - INFO - Type of Jz: <type 'numpy.ndarray'>
2017-04-22 12:30:06,320 - gia - INFO - Type of Jz: <type 'numpy.ndarray'>
2017-04-22 12:30:06,320 - gia - INFO - Type of Jz: <type 'numpy.ndarray'>
2017-04-22 12:30:06,320 - gia - INFO - Type of Jz: <type 'numpy.ndarray'>
2017-04-22 12:30:06,320 - gia - INFO - Type of Jz: <type 'numpy.ndarray'>
2017-04-22 12:30:06,597 - gia - INFO - [-4.82088911  0.88304951  1.82790983 -0.35821249  1.72225469 -4.68551833]
2017-04-22 12:30:06,597 - gia - INFO - [-4.82088911  0.88304951  1.82790983 -0.35821249  1.72225469 -4.68551833]
2017-04-22 12:30:06,597 - gia - INFO - [-4.82088911  0.88304951  1.82790983 -0.35821249  1.72225469 -4.68551833]
2017-04-22 12:30:06,597 - gia - INFO - [-4.82088911  0.88304951  1.82790983 -0.35821249  1.72225469 -4.68551833]
2017-04-22 12:30:06,597 - gia - INFO - [-4.82088911  0.88304951  1.82790983 -0.35821249  1.72225469 -4.68551833]
2017-04-22 12:30:06,895 - gia - INFO - Type of Jx: <type 'numpy.ndarray'>
2017-04-22 12:30:06,895 - gia - INFO - Type of Jx: <type 'numpy.ndarray'>
2017-04-22 12:30:06,895 - gia - INFO - Type of Jx: <type 'numpy.ndarray'>
2017-04-22 12:30:06,895 - gia - INFO - Type of Jx: <type 'numpy.ndarray'>
2017-04-22 12:30:06,895 - gia - INFO - Type of Jx: <type 'numpy.ndarray'>
2017-04-22 12:30:07,227 - gia - INFO - [ 6.04517071 -2.6108623   5.2372243  -2.89975758  1.79997472  2.27476104]
2017-04-22 12:30:07,227 - gia - INFO - [ 6.04517071 -2.6108623   5.2372243  -2.89975758  1.79997472  2.27476104]
2017-04-22 12:30:07,227 - gia - INFO - [ 6.04517071 -2.6108623   5.2372243  -2.89975758  1.79997472  2.27476104]
2017-04-22 12:30:07,227 - gia - INFO - [ 6.04517071 -2.6108623   5.2372243  -2.89975758  1.79997472  2.27476104]
2017-04-22 12:30:07,227 - gia - INFO - [ 6.04517071 -2.6108623   5.2372243  -2.89975758  1.79997472  2.27476104]
2017-04-22 12:30:07,514 - gia - INFO - Type of Jy: <type 'numpy.ndarray'>
2017-04-22 12:30:07,514 - gia - INFO - Type of Jy: <type 'numpy.ndarray'>
2017-04-22 12:30:07,514 - gia - INFO - Type of Jy: <type 'numpy.ndarray'>
2017-04-22 12:30:07,514 - gia - INFO - Type of Jy: <type 'numpy.ndarray'>
2017-04-22 12:30:07,514 - gia - INFO - Type of Jy: <type 'numpy.ndarray'>
2017-04-22 12:30:07,813 - gia - INFO - [-4.36662289 -0.91467622  4.01613039  4.18467958  1.61074158 -4.29426845]
2017-04-22 12:30:07,813 - gia - INFO - [-4.36662289 -0.91467622  4.01613039  4.18467958  1.61074158 -4.29426845]
2017-04-22 12:30:07,813 - gia - INFO - [-4.36662289 -0.91467622  4.01613039  4.18467958  1.61074158 -4.29426845]
2017-04-22 12:30:07,813 - gia - INFO - [-4.36662289 -0.91467622  4.01613039  4.18467958  1.61074158 -4.29426845]
2017-04-22 12:30:07,813 - gia - INFO - [-4.36662289 -0.91467622  4.01613039  4.18467958  1.61074158 -4.29426845]
2017-04-22 12:30:08,089 - gia - INFO - Type of taulist: <type 'numpy.ndarray'>
2017-04-22 12:30:08,089 - gia - INFO - Type of taulist: <type 'numpy.ndarray'>
2017-04-22 12:30:08,089 - gia - INFO - Type of taulist: <type 'numpy.ndarray'>
2017-04-22 12:30:08,089 - gia - INFO - Type of taulist: <type 'numpy.ndarray'>
2017-04-22 12:30:08,089 - gia - INFO - Type of taulist: <type 'numpy.ndarray'>
2017-04-22 12:30:08,369 - gia - INFO - [ 0.          0.05050505  0.1010101   0.15151515  0.2020202   0.25252525
  0.3030303   0.35353535  0.4040404   0.45454545  0.50505051  0.55555556
  0.60606061  0.65656566  0.70707071  0.75757576  0.80808081  0.85858586
  0.90909091  0.95959596  1.01010101  1.06060606  1.11111111  1.16161616
  1.21212121  1.26262626  1.31313131  1.36363636  1.41414141  1.46464646
  1.51515152  1.56565657  1.61616162  1.66666667  1.71717172  1.76767677
  1.81818182  1.86868687  1.91919192  1.96969697  2.02020202  2.07070707
  2.12121212  2.17171717  2.22222222  2.27272727  2.32323232  2.37373737
  2.42424242  2.47474747  2.52525253  2.57575758  2.62626263  2.67676768
  2.72727273  2.77777778  2.82828283  2.87878788  2.92929293  2.97979798
  3.03030303  3.08080808  3.13131313  3.18181818  3.23232323  3.28282828
  3.33333333  3.38383838  3.43434343  3.48484848  3.53535354  3.58585859
  3.63636364  3.68686869  3.73737374  3.78787879  3.83838384  3.88888889
  3.93939394  3.98989899  4.04040404  4.09090909  4.14141414  4.19191919
  4.24242424  4.29292929  4.34343434  4.39393939  4.44444444  4.49494949
  4.54545455  4.5959596   4.64646465  4.6969697   4.74747475  4.7979798
  4.84848485  4.8989899   4.94949495  5.        ]
2017-04-22 12:30:08,369 - gia - INFO - [ 0.          0.05050505  0.1010101   0.15151515  0.2020202   0.25252525
  0.3030303   0.35353535  0.4040404   0.45454545  0.50505051  0.55555556
  0.60606061  0.65656566  0.70707071  0.75757576  0.80808081  0.85858586
  0.90909091  0.95959596  1.01010101  1.06060606  1.11111111  1.16161616
  1.21212121  1.26262626  1.31313131  1.36363636  1.41414141  1.46464646
  1.51515152  1.56565657  1.61616162  1.66666667  1.71717172  1.76767677
  1.81818182  1.86868687  1.91919192  1.96969697  2.02020202  2.07070707
  2.12121212  2.17171717  2.22222222  2.27272727  2.32323232  2.37373737
  2.42424242  2.47474747  2.52525253  2.57575758  2.62626263  2.67676768
  2.72727273  2.77777778  2.82828283  2.87878788  2.92929293  2.97979798
  3.03030303  3.08080808  3.13131313  3.18181818  3.23232323  3.28282828
  3.33333333  3.38383838  3.43434343  3.48484848  3.53535354  3.58585859
  3.63636364  3.68686869  3.73737374  3.78787879  3.83838384  3.88888889
  3.93939394  3.98989899  4.04040404  4.09090909  4.14141414  4.19191919
  4.24242424  4.29292929  4.34343434  4.39393939  4.44444444  4.49494949
  4.54545455  4.5959596   4.64646465  4.6969697   4.74747475  4.7979798
  4.84848485  4.8989899   4.94949495  5.        ]
2017-04-22 12:30:08,369 - gia - INFO - [ 0.          0.05050505  0.1010101   0.15151515  0.2020202   0.25252525
  0.3030303   0.35353535  0.4040404   0.45454545  0.50505051  0.55555556
  0.60606061  0.65656566  0.70707071  0.75757576  0.80808081  0.85858586
  0.90909091  0.95959596  1.01010101  1.06060606  1.11111111  1.16161616
  1.21212121  1.26262626  1.31313131  1.36363636  1.41414141  1.46464646
  1.51515152  1.56565657  1.61616162  1.66666667  1.71717172  1.76767677
  1.81818182  1.86868687  1.91919192  1.96969697  2.02020202  2.07070707
  2.12121212  2.17171717  2.22222222  2.27272727  2.32323232  2.37373737
  2.42424242  2.47474747  2.52525253  2.57575758  2.62626263  2.67676768
  2.72727273  2.77777778  2.82828283  2.87878788  2.92929293  2.97979798
  3.03030303  3.08080808  3.13131313  3.18181818  3.23232323  3.28282828
  3.33333333  3.38383838  3.43434343  3.48484848  3.53535354  3.58585859
  3.63636364  3.68686869  3.73737374  3.78787879  3.83838384  3.88888889
  3.93939394  3.98989899  4.04040404  4.09090909  4.14141414  4.19191919
  4.24242424  4.29292929  4.34343434  4.39393939  4.44444444  4.49494949
  4.54545455  4.5959596   4.64646465  4.6969697   4.74747475  4.7979798
  4.84848485  4.8989899   4.94949495  5.        ]
2017-04-22 12:30:08,369 - gia - INFO - [ 0.          0.05050505  0.1010101   0.15151515  0.2020202   0.25252525
  0.3030303   0.35353535  0.4040404   0.45454545  0.50505051  0.55555556
  0.60606061  0.65656566  0.70707071  0.75757576  0.80808081  0.85858586
  0.90909091  0.95959596  1.01010101  1.06060606  1.11111111  1.16161616
  1.21212121  1.26262626  1.31313131  1.36363636  1.41414141  1.46464646
  1.51515152  1.56565657  1.61616162  1.66666667  1.71717172  1.76767677
  1.81818182  1.86868687  1.91919192  1.96969697  2.02020202  2.07070707
  2.12121212  2.17171717  2.22222222  2.27272727  2.32323232  2.37373737
  2.42424242  2.47474747  2.52525253  2.57575758  2.62626263  2.67676768
  2.72727273  2.77777778  2.82828283  2.87878788  2.92929293  2.97979798
  3.03030303  3.08080808  3.13131313  3.18181818  3.23232323  3.28282828
  3.33333333  3.38383838  3.43434343  3.48484848  3.53535354  3.58585859
  3.63636364  3.68686869  3.73737374  3.78787879  3.83838384  3.88888889
  3.93939394  3.98989899  4.04040404  4.09090909  4.14141414  4.19191919
  4.24242424  4.29292929  4.34343434  4.39393939  4.44444444  4.49494949
  4.54545455  4.5959596   4.64646465  4.6969697   4.74747475  4.7979798
  4.84848485  4.8989899   4.94949495  5.        ]
2017-04-22 12:30:08,369 - gia - INFO - [ 0.          0.05050505  0.1010101   0.15151515  0.2020202   0.25252525
  0.3030303   0.35353535  0.4040404   0.45454545  0.50505051  0.55555556
  0.60606061  0.65656566  0.70707071  0.75757576  0.80808081  0.85858586
  0.90909091  0.95959596  1.01010101  1.06060606  1.11111111  1.16161616
  1.21212121  1.26262626  1.31313131  1.36363636  1.41414141  1.46464646
  1.51515152  1.56565657  1.61616162  1.66666667  1.71717172  1.76767677
  1.81818182  1.86868687  1.91919192  1.96969697  2.02020202  2.07070707
  2.12121212  2.17171717  2.22222222  2.27272727  2.32323232  2.37373737
  2.42424242  2.47474747  2.52525253  2.57575758  2.62626263  2.67676768
  2.72727273  2.77777778  2.82828283  2.87878788  2.92929293  2.97979798
  3.03030303  3.08080808  3.13131313  3.18181818  3.23232323  3.28282828
  3.33333333  3.38383838  3.43434343  3.48484848  3.53535354  3.58585859
  3.63636364  3.68686869  3.73737374  3.78787879  3.83838384  3.88888889
  3.93939394  3.98989899  4.04040404  4.09090909  4.14141414  4.19191919
  4.24242424  4.29292929  4.34343434  4.39393939  4.44444444  4.49494949
  4.54545455  4.5959596   4.64646465  4.6969697   4.74747475  4.7979798
  4.84848485  4.8989899   4.94949495  5.        ]
2017-04-22 12:30:11,474 - gia - INFO - 



>>>>>>>>>>>>>>>>>>>>>>>>>>>>>Experiment started --------------------------------------------------------------------------------
2017-04-22 12:30:11,474 - gia - INFO - 



>>>>>>>>>>>>>>>>>>>>>>>>>>>>>Experiment started --------------------------------------------------------------------------------
2017-04-22 12:30:11,474 - gia - INFO - 



>>>>>>>>>>>>>>>>>>>>>>>>>>>>>Experiment started --------------------------------------------------------------------------------
2017-04-22 12:30:11,474 - gia - INFO - 



>>>>>>>>>>>>>>>>>>>>>>>>>>>>>Experiment started --------------------------------------------------------------------------------
2017-04-22 12:30:11,474 - gia - INFO - 



>>>>>>>>>>>>>>>>>>>>>>>>>>>>>Experiment started --------------------------------------------------------------------------------
2017-04-22 12:30:11,800 - gia - INFO - Type of taulist: <class 'qutip.qobj.Qobj'>
2017-04-22 12:30:11,800 - gia - INFO - Type of taulist: <class 'qutip.qobj.Qobj'>
2017-04-22 12:30:11,800 - gia - INFO - Type of taulist: <class 'qutip.qobj.Qobj'>
2017-04-22 12:30:11,800 - gia - INFO - Type of taulist: <class 'qutip.qobj.Qobj'>
2017-04-22 12:30:11,800 - gia - INFO - Type of taulist: <class 'qutip.qobj.Qobj'>
2017-04-22 12:30:12,132 - gia - INFO - Quantum object: dims = [[2], [2]], shape = (2, 2), type = oper, isherm = True
Qobj data =
[[ 1.  0.]
 [ 0.  1.]]
2017-04-22 12:30:12,132 - gia - INFO - Quantum object: dims = [[2], [2]], shape = (2, 2), type = oper, isherm = True
Qobj data =
[[ 1.  0.]
 [ 0.  1.]]
2017-04-22 12:30:12,132 - gia - INFO - Quantum object: dims = [[2], [2]], shape = (2, 2), type = oper, isherm = True
Qobj data =
[[ 1.  0.]
 [ 0.  1.]]
2017-04-22 12:30:12,132 - gia - INFO - Quantum object: dims = [[2], [2]], shape = (2, 2), type = oper, isherm = True
Qobj data =
[[ 1.  0.]
 [ 0.  1.]]
2017-04-22 12:30:12,132 - gia - INFO - Quantum object: dims = [[2], [2]], shape = (2, 2), type = oper, isherm = True
Qobj data =
[[ 1.  0.]
 [ 0.  1.]]
2017-04-22 12:30:12,530 - gia - INFO - Type of taulist: <class 'qutip.qobj.Qobj'>
2017-04-22 12:30:12,530 - gia - INFO - Type of taulist: <class 'qutip.qobj.Qobj'>
2017-04-22 12:30:12,530 - gia - INFO - Type of taulist: <class 'qutip.qobj.Qobj'>
2017-04-22 12:30:12,530 - gia - INFO - Type of taulist: <class 'qutip.qobj.Qobj'>
2017-04-22 12:30:12,530 - gia - INFO - Type of taulist: <class 'qutip.qobj.Qobj'>
2017-04-22 12:30:12,861 - gia - INFO - Quantum object: dims = [[2], [2]], shape = (2, 2), type = oper, isherm = True
Qobj data =
[[ 0.  1.]
 [ 1.  0.]]
2017-04-22 12:30:12,861 - gia - INFO - Quantum object: dims = [[2], [2]], shape = (2, 2), type = oper, isherm = True
Qobj data =
[[ 0.  1.]
 [ 1.  0.]]
2017-04-22 12:30:12,861 - gia - INFO - Quantum object: dims = [[2], [2]], shape = (2, 2), type = oper, isherm = True
Qobj data =
[[ 0.  1.]
 [ 1.  0.]]
2017-04-22 12:30:12,861 - gia - INFO - Quantum object: dims = [[2], [2]], shape = (2, 2), type = oper, isherm = True
Qobj data =
[[ 0.  1.]
 [ 1.  0.]]
2017-04-22 12:30:12,861 - gia - INFO - Quantum object: dims = [[2], [2]], shape = (2, 2), type = oper, isherm = True
Qobj data =
[[ 0.  1.]
 [ 1.  0.]]
2017-04-22 12:30:13,171 - gia - INFO - Type of taulist: <class 'qutip.qobj.Qobj'>
2017-04-22 12:30:13,171 - gia - INFO - Type of taulist: <class 'qutip.qobj.Qobj'>
2017-04-22 12:30:13,171 - gia - INFO - Type of taulist: <class 'qutip.qobj.Qobj'>
2017-04-22 12:30:13,171 - gia - INFO - Type of taulist: <class 'qutip.qobj.Qobj'>
2017-04-22 12:30:13,171 - gia - INFO - Type of taulist: <class 'qutip.qobj.Qobj'>
2017-04-22 12:30:13,447 - gia - INFO - Quantum object: dims = [[2], [2]], shape = (2, 2), type = oper, isherm = True
Qobj data =
[[ 0.+0.j  0.-1.j]
 [ 0.+1.j  0.+0.j]]
2017-04-22 12:30:13,447 - gia - INFO - Quantum object: dims = [[2], [2]], shape = (2, 2), type = oper, isherm = True
Qobj data =
[[ 0.+0.j  0.-1.j]
 [ 0.+1.j  0.+0.j]]
2017-04-22 12:30:13,447 - gia - INFO - Quantum object: dims = [[2], [2]], shape = (2, 2), type = oper, isherm = True
Qobj data =
[[ 0.+0.j  0.-1.j]
 [ 0.+1.j  0.+0.j]]
2017-04-22 12:30:13,447 - gia - INFO - Quantum object: dims = [[2], [2]], shape = (2, 2), type = oper, isherm = True
Qobj data =
[[ 0.+0.j  0.-1.j]
 [ 0.+1.j  0.+0.j]]
2017-04-22 12:30:13,447 - gia - INFO - Quantum object: dims = [[2], [2]], shape = (2, 2), type = oper, isherm = True
Qobj data =
[[ 0.+0.j  0.-1.j]
 [ 0.+1.j  0.+0.j]]
2017-04-22 12:30:13,745 - gia - INFO - Type of taulist: <class 'qutip.qobj.Qobj'>
2017-04-22 12:30:13,745 - gia - INFO - Type of taulist: <class 'qutip.qobj.Qobj'>
2017-04-22 12:30:13,745 - gia - INFO - Type of taulist: <class 'qutip.qobj.Qobj'>
2017-04-22 12:30:13,745 - gia - INFO - Type of taulist: <class 'qutip.qobj.Qobj'>
2017-04-22 12:30:13,745 - gia - INFO - Type of taulist: <class 'qutip.qobj.Qobj'>
2017-04-22 12:30:14,033 - gia - INFO - Quantum object: dims = [[2], [2]], shape = (2, 2), type = oper, isherm = True
Qobj data =
[[ 1.  0.]
 [ 0. -1.]]
2017-04-22 12:30:14,033 - gia - INFO - Quantum object: dims = [[2], [2]], shape = (2, 2), type = oper, isherm = True
Qobj data =
[[ 1.  0.]
 [ 0. -1.]]
2017-04-22 12:30:14,033 - gia - INFO - Quantum object: dims = [[2], [2]], shape = (2, 2), type = oper, isherm = True
Qobj data =
[[ 1.  0.]
 [ 0. -1.]]
2017-04-22 12:30:14,033 - gia - INFO - Quantum object: dims = [[2], [2]], shape = (2, 2), type = oper, isherm = True
Qobj data =
[[ 1.  0.]
 [ 0. -1.]]
2017-04-22 12:30:14,033 - gia - INFO - Quantum object: dims = [[2], [2]], shape = (2, 2), type = oper, isherm = True
Qobj data =
[[ 1.  0.]
 [ 0. -1.]]
2017-04-22 12:30:14,315 - gia - INFO - Type of psi_list: <type 'list'>
2017-04-22 12:30:14,315 - gia - INFO - Type of psi_list: <type 'list'>
2017-04-22 12:30:14,315 - gia - INFO - Type of psi_list: <type 'list'>
2017-04-22 12:30:14,315 - gia - INFO - Type of psi_list: <type 'list'>
2017-04-22 12:30:14,315 - gia - INFO - Type of psi_list: <type 'list'>
2017-04-22 12:30:14,600 - gia - INFO - [Quantum object: dims = [[2], [1]], shape = (2, 1), type = ket
Qobj data =
[[ 1.]
 [ 0.]], Quantum object: dims = [[2], [1]], shape = (2, 1), type = ket
Qobj data =
[[ 1.]
 [ 0.]], Quantum object: dims = [[2], [1]], shape = (2, 1), type = ket
Qobj data =
[[ 1.]
 [ 0.]], Quantum object: dims = [[2], [1]], shape = (2, 1), type = ket
Qobj data =
[[ 1.]
 [ 0.]], Quantum object: dims = [[2], [1]], shape = (2, 1), type = ket
Qobj data =
[[ 1.]
 [ 0.]], Quantum object: dims = [[2], [1]], shape = (2, 1), type = ket
Qobj data =
[[ 1.]
 [ 0.]]]
2017-04-22 12:30:14,600 - gia - INFO - [Quantum object: dims = [[2], [1]], shape = (2, 1), type = ket
Qobj data =
[[ 1.]
 [ 0.]], Quantum object: dims = [[2], [1]], shape = (2, 1), type = ket
Qobj data =
[[ 1.]
 [ 0.]], Quantum object: dims = [[2], [1]], shape = (2, 1), type = ket
Qobj data =
[[ 1.]
 [ 0.]], Quantum object: dims = [[2], [1]], shape = (2, 1), type = ket
Qobj data =
[[ 1.]
 [ 0.]], Quantum object: dims = [[2], [1]], shape = (2, 1), type = ket
Qobj data =
[[ 1.]
 [ 0.]], Quantum object: dims = [[2], [1]], shape = (2, 1), type = ket
Qobj data =
[[ 1.]
 [ 0.]]]
2017-04-22 12:30:14,600 - gia - INFO - [Quantum object: dims = [[2], [1]], shape = (2, 1), type = ket
Qobj data =
[[ 1.]
 [ 0.]], Quantum object: dims = [[2], [1]], shape = (2, 1), type = ket
Qobj data =
[[ 1.]
 [ 0.]], Quantum object: dims = [[2], [1]], shape = (2, 1), type = ket
Qobj data =
[[ 1.]
 [ 0.]], Quantum object: dims = [[2], [1]], shape = (2, 1), type = ket
Qobj data =
[[ 1.]
 [ 0.]], Quantum object: dims = [[2], [1]], shape = (2, 1), type = ket
Qobj data =
[[ 1.]
 [ 0.]], Quantum object: dims = [[2], [1]], shape = (2, 1), type = ket
Qobj data =
[[ 1.]
 [ 0.]]]
2017-04-22 12:30:14,600 - gia - INFO - [Quantum object: dims = [[2], [1]], shape = (2, 1), type = ket
Qobj data =
[[ 1.]
 [ 0.]], Quantum object: dims = [[2], [1]], shape = (2, 1), type = ket
Qobj data =
[[ 1.]
 [ 0.]], Quantum object: dims = [[2], [1]], shape = (2, 1), type = ket
Qobj data =
[[ 1.]
 [ 0.]], Quantum object: dims = [[2], [1]], shape = (2, 1), type = ket
Qobj data =
[[ 1.]
 [ 0.]], Quantum object: dims = [[2], [1]], shape = (2, 1), type = ket
Qobj data =
[[ 1.]
 [ 0.]], Quantum object: dims = [[2], [1]], shape = (2, 1), type = ket
Qobj data =
[[ 1.]
 [ 0.]]]
2017-04-22 12:30:14,600 - gia - INFO - [Quantum object: dims = [[2], [1]], shape = (2, 1), type = ket
Qobj data =
[[ 1.]
 [ 0.]], Quantum object: dims = [[2], [1]], shape = (2, 1), type = ket
Qobj data =
[[ 1.]
 [ 0.]], Quantum object: dims = [[2], [1]], shape = (2, 1), type = ket
Qobj data =
[[ 1.]
 [ 0.]], Quantum object: dims = [[2], [1]], shape = (2, 1), type = ket
Qobj data =
[[ 1.]
 [ 0.]], Quantum object: dims = [[2], [1]], shape = (2, 1), type = ket
Qobj data =
[[ 1.]
 [ 0.]], Quantum object: dims = [[2], [1]], shape = (2, 1), type = ket
Qobj data =
[[ 1.]
 [ 0.]]]
2017-04-22 12:30:14,917 - gia - INFO - Type of psi0: <class 'qutip.qobj.Qobj'>
2017-04-22 12:30:14,917 - gia - INFO - Type of psi0: <class 'qutip.qobj.Qobj'>
2017-04-22 12:30:14,917 - gia - INFO - Type of psi0: <class 'qutip.qobj.Qobj'>
2017-04-22 12:30:14,917 - gia - INFO - Type of psi0: <class 'qutip.qobj.Qobj'>
2017-04-22 12:30:14,917 - gia - INFO - Type of psi0: <class 'qutip.qobj.Qobj'>
2017-04-22 12:30:15,196 - gia - INFO - Quantum object: dims = [[2, 2, 2, 2, 2, 2], [1, 1, 1, 1, 1, 1]], shape = (64, 1), type = ket
Qobj data =
[[ 1.]
 [ 0.]
 [ 0.]
 [ 0.]
 [ 0.]
 [ 0.]
 [ 0.]
 [ 0.]
 [ 0.]
 [ 0.]
 [ 0.]
 [ 0.]
 [ 0.]
 [ 0.]
 [ 0.]
 [ 0.]
 [ 0.]
 [ 0.]
 [ 0.]
 [ 0.]
 [ 0.]
 [ 0.]
 [ 0.]
 [ 0.]
 [ 0.]
 [ 0.]
 [ 0.]
 [ 0.]
 [ 0.]
 [ 0.]
 [ 0.]
 [ 0.]
 [ 0.]
 [ 0.]
 [ 0.]
 [ 0.]
 [ 0.]
 [ 0.]
 [ 0.]
 [ 0.]
 [ 0.]
 [ 0.]
 [ 0.]
 [ 0.]
 [ 0.]
 [ 0.]
 [ 0.]
 [ 0.]
 [ 0.]
 [ 0.]
 [ 0.]
 [ 0.]
 [ 0.]
 [ 0.]
 [ 0.]
 [ 0.]
 [ 0.]
 [ 0.]
 [ 0.]
 [ 0.]
 [ 0.]
 [ 0.]
 [ 0.]
 [ 0.]]
2017-04-22 12:30:15,196 - gia - INFO - Quantum object: dims = [[2, 2, 2, 2, 2, 2], [1, 1, 1, 1, 1, 1]], shape = (64, 1), type = ket
Qobj data =
[[ 1.]
 [ 0.]
 [ 0.]
 [ 0.]
 [ 0.]
 [ 0.]
 [ 0.]
 [ 0.]
 [ 0.]
 [ 0.]
 [ 0.]
 [ 0.]
 [ 0.]
 [ 0.]
 [ 0.]
 [ 0.]
 [ 0.]
 [ 0.]
 [ 0.]
 [ 0.]
 [ 0.]
 [ 0.]
 [ 0.]
 [ 0.]
 [ 0.]
 [ 0.]
 [ 0.]
 [ 0.]
 [ 0.]
 [ 0.]
 [ 0.]
 [ 0.]
 [ 0.]
 [ 0.]
 [ 0.]
 [ 0.]
 [ 0.]
 [ 0.]
 [ 0.]
 [ 0.]
 [ 0.]
 [ 0.]
 [ 0.]
 [ 0.]
 [ 0.]
 [ 0.]
 [ 0.]
 [ 0.]
 [ 0.]
 [ 0.]
 [ 0.]
 [ 0.]
 [ 0.]
 [ 0.]
 [ 0.]
 [ 0.]
 [ 0.]
 [ 0.]
 [ 0.]
 [ 0.]
 [ 0.]
 [ 0.]
 [ 0.]
 [ 0.]]
2017-04-22 12:30:15,196 - gia - INFO - Quantum object: dims = [[2, 2, 2, 2, 2, 2], [1, 1, 1, 1, 1, 1]], shape = (64, 1), type = ket
Qobj data =
[[ 1.]
 [ 0.]
 [ 0.]
 [ 0.]
 [ 0.]
 [ 0.]
 [ 0.]
 [ 0.]
 [ 0.]
 [ 0.]
 [ 0.]
 [ 0.]
 [ 0.]
 [ 0.]
 [ 0.]
 [ 0.]
 [ 0.]
 [ 0.]
 [ 0.]
 [ 0.]
 [ 0.]
 [ 0.]
 [ 0.]
 [ 0.]
 [ 0.]
 [ 0.]
 [ 0.]
 [ 0.]
 [ 0.]
 [ 0.]
 [ 0.]
 [ 0.]
 [ 0.]
 [ 0.]
 [ 0.]
 [ 0.]
 [ 0.]
 [ 0.]
 [ 0.]
 [ 0.]
 [ 0.]
 [ 0.]
 [ 0.]
 [ 0.]
 [ 0.]
 [ 0.]
 [ 0.]
 [ 0.]
 [ 0.]
 [ 0.]
 [ 0.]
 [ 0.]
 [ 0.]
 [ 0.]
 [ 0.]
 [ 0.]
 [ 0.]
 [ 0.]
 [ 0.]
 [ 0.]
 [ 0.]
 [ 0.]
 [ 0.]
 [ 0.]]
2017-04-22 12:30:15,196 - gia - INFO - Quantum object: dims = [[2, 2, 2, 2, 2, 2], [1, 1, 1, 1, 1, 1]], shape = (64, 1), type = ket
Qobj data =
[[ 1.]
 [ 0.]
 [ 0.]
 [ 0.]
 [ 0.]
 [ 0.]
 [ 0.]
 [ 0.]
 [ 0.]
 [ 0.]
 [ 0.]
 [ 0.]
 [ 0.]
 [ 0.]
 [ 0.]
 [ 0.]
 [ 0.]
 [ 0.]
 [ 0.]
 [ 0.]
 [ 0.]
 [ 0.]
 [ 0.]
 [ 0.]
 [ 0.]
 [ 0.]
 [ 0.]
 [ 0.]
 [ 0.]
 [ 0.]
 [ 0.]
 [ 0.]
 [ 0.]
 [ 0.]
 [ 0.]
 [ 0.]
 [ 0.]
 [ 0.]
 [ 0.]
 [ 0.]
 [ 0.]
 [ 0.]
 [ 0.]
 [ 0.]
 [ 0.]
 [ 0.]
 [ 0.]
 [ 0.]
 [ 0.]
 [ 0.]
 [ 0.]
 [ 0.]
 [ 0.]
 [ 0.]
 [ 0.]
 [ 0.]
 [ 0.]
 [ 0.]
 [ 0.]
 [ 0.]
 [ 0.]
 [ 0.]
 [ 0.]
 [ 0.]]
2017-04-22 12:30:15,196 - gia - INFO - Quantum object: dims = [[2, 2, 2, 2, 2, 2], [1, 1, 1, 1, 1, 1]], shape = (64, 1), type = ket
Qobj data =
[[ 1.]
 [ 0.]
 [ 0.]
 [ 0.]
 [ 0.]
 [ 0.]
 [ 0.]
 [ 0.]
 [ 0.]
 [ 0.]
 [ 0.]
 [ 0.]
 [ 0.]
 [ 0.]
 [ 0.]
 [ 0.]
 [ 0.]
 [ 0.]
 [ 0.]
 [ 0.]
 [ 0.]
 [ 0.]
 [ 0.]
 [ 0.]
 [ 0.]
 [ 0.]
 [ 0.]
 [ 0.]
 [ 0.]
 [ 0.]
 [ 0.]
 [ 0.]
 [ 0.]
 [ 0.]
 [ 0.]
 [ 0.]
 [ 0.]
 [ 0.]
 [ 0.]
 [ 0.]
 [ 0.]
 [ 0.]
 [ 0.]
 [ 0.]
 [ 0.]
 [ 0.]
 [ 0.]
 [ 0.]
 [ 0.]
 [ 0.]
 [ 0.]
 [ 0.]
 [ 0.]
 [ 0.]
 [ 0.]
 [ 0.]
 [ 0.]
 [ 0.]
 [ 0.]
 [ 0.]
 [ 0.]
 [ 0.]
 [ 0.]
 [ 0.]]
2017-04-22 12:30:15,484 - gia - INFO - Type of H0: <class 'qutip.qobj.Qobj'>
2017-04-22 12:30:15,484 - gia - INFO - Type of H0: <class 'qutip.qobj.Qobj'>
2017-04-22 12:30:15,484 - gia - INFO - Type of H0: <class 'qutip.qobj.Qobj'>
2017-04-22 12:30:15,484 - gia - INFO - Type of H0: <class 'qutip.qobj.Qobj'>
2017-04-22 12:30:15,484 - gia - INFO - Type of H0: <class 'qutip.qobj.Qobj'>
2017-04-22 12:30:15,739 - gia - INFO - Quantum object: dims = [[2, 2, 2, 2, 2, 2], [2, 2, 2, 2, 2, 2]], shape = (64, 64), type = oper, isherm = True
Qobj data =
[[-7.5  0.   0.  ...,  0.   0.   0. ]
 [ 0.  -5.   0.  ...,  0.   0.   0. ]
 [ 0.   0.  -5.  ...,  0.   0.   0. ]
 ..., 
 [ 0.   0.   0.  ...,  5.   0.   0. ]
 [ 0.   0.   0.  ...,  0.   5.   0. ]
 [ 0.   0.   0.  ...,  0.   0.   7.5]]
2017-04-22 12:30:15,739 - gia - INFO - Quantum object: dims = [[2, 2, 2, 2, 2, 2], [2, 2, 2, 2, 2, 2]], shape = (64, 64), type = oper, isherm = True
Qobj data =
[[-7.5  0.   0.  ...,  0.   0.   0. ]
 [ 0.  -5.   0.  ...,  0.   0.   0. ]
 [ 0.   0.  -5.  ...,  0.   0.   0. ]
 ..., 
 [ 0.   0.   0.  ...,  5.   0.   0. ]
 [ 0.   0.   0.  ...,  0.   5.   0. ]
 [ 0.   0.   0.  ...,  0.   0.   7.5]]
2017-04-22 12:30:15,739 - gia - INFO - Quantum object: dims = [[2, 2, 2, 2, 2, 2], [2, 2, 2, 2, 2, 2]], shape = (64, 64), type = oper, isherm = True
Qobj data =
[[-7.5  0.   0.  ...,  0.   0.   0. ]
 [ 0.  -5.   0.  ...,  0.   0.   0. ]
 [ 0.   0.  -5.  ...,  0.   0.   0. ]
 ..., 
 [ 0.   0.   0.  ...,  5.   0.   0. ]
 [ 0.   0.   0.  ...,  0.   5.   0. ]
 [ 0.   0.   0.  ...,  0.   0.   7.5]]
2017-04-22 12:30:15,739 - gia - INFO - Quantum object: dims = [[2, 2, 2, 2, 2, 2], [2, 2, 2, 2, 2, 2]], shape = (64, 64), type = oper, isherm = True
Qobj data =
[[-7.5  0.   0.  ...,  0.   0.   0. ]
 [ 0.  -5.   0.  ...,  0.   0.   0. ]
 [ 0.   0.  -5.  ...,  0.   0.   0. ]
 ..., 
 [ 0.   0.   0.  ...,  5.   0.   0. ]
 [ 0.   0.   0.  ...,  0.   5.   0. ]
 [ 0.   0.   0.  ...,  0.   0.   7.5]]
2017-04-22 12:30:15,739 - gia - INFO - Quantum object: dims = [[2, 2, 2, 2, 2, 2], [2, 2, 2, 2, 2, 2]], shape = (64, 64), type = oper, isherm = True
Qobj data =
[[-7.5  0.   0.  ...,  0.   0.   0. ]
 [ 0.  -5.   0.  ...,  0.   0.   0. ]
 [ 0.   0.  -5.  ...,  0.   0.   0. ]
 ..., 
 [ 0.   0.   0.  ...,  5.   0.   0. ]
 [ 0.   0.   0.  ...,  0.   5.   0. ]
 [ 0.   0.   0.  ...,  0.   0.   7.5]]
2017-04-22 12:30:15,984 - gia - INFO - Energy splitting terms...
2017-04-22 12:30:15,984 - gia - INFO - Energy splitting terms...
2017-04-22 12:30:15,984 - gia - INFO - Energy splitting terms...
2017-04-22 12:30:15,984 - gia - INFO - Energy splitting terms...
2017-04-22 12:30:15,984 - gia - INFO - Energy splitting terms...
2017-04-22 12:30:16,213 - gia - INFO - Type of H0: <class 'qutip.qobj.Qobj'>
2017-04-22 12:30:16,213 - gia - INFO - Type of H0: <class 'qutip.qobj.Qobj'>
2017-04-22 12:30:16,213 - gia - INFO - Type of H0: <class 'qutip.qobj.Qobj'>
2017-04-22 12:30:16,213 - gia - INFO - Type of H0: <class 'qutip.qobj.Qobj'>
2017-04-22 12:30:16,213 - gia - INFO - Type of H0: <class 'qutip.qobj.Qobj'>
2017-04-22 12:30:16,436 - gia - INFO - Quantum object: dims = [[2, 2, 2, 2, 2, 2], [2, 2, 2, 2, 2, 2]], shape = (64, 64), type = oper, isherm = True
Qobj data =
[[ 1.15644449  0.          0.         ...,  0.          0.          0.        ]
 [ 0.         -2.90087723  0.         ...,  0.          0.          0.        ]
 [ 0.          0.          3.72734331 ...,  0.          0.          0.        ]
 ..., 
 [ 0.          0.          0.         ..., -3.72734331  0.          0.        ]
 [ 0.          0.          0.         ...,  0.          2.90087723  0.        ]
 [ 0.          0.          0.         ...,  0.          0.         -1.15644449]]
2017-04-22 12:30:16,436 - gia - INFO - Quantum object: dims = [[2, 2, 2, 2, 2, 2], [2, 2, 2, 2, 2, 2]], shape = (64, 64), type = oper, isherm = True
Qobj data =
[[ 1.15644449  0.          0.         ...,  0.          0.          0.        ]
 [ 0.         -2.90087723  0.         ...,  0.          0.          0.        ]
 [ 0.          0.          3.72734331 ...,  0.          0.          0.        ]
 ..., 
 [ 0.          0.          0.         ..., -3.72734331  0.          0.        ]
 [ 0.          0.          0.         ...,  0.          2.90087723  0.        ]
 [ 0.          0.          0.         ...,  0.          0.         -1.15644449]]
2017-04-22 12:30:16,436 - gia - INFO - Quantum object: dims = [[2, 2, 2, 2, 2, 2], [2, 2, 2, 2, 2, 2]], shape = (64, 64), type = oper, isherm = True
Qobj data =
[[ 1.15644449  0.          0.         ...,  0.          0.          0.        ]
 [ 0.         -2.90087723  0.         ...,  0.          0.          0.        ]
 [ 0.          0.          3.72734331 ...,  0.          0.          0.        ]
 ..., 
 [ 0.          0.          0.         ..., -3.72734331  0.          0.        ]
 [ 0.          0.          0.         ...,  0.          2.90087723  0.        ]
 [ 0.          0.          0.         ...,  0.          0.         -1.15644449]]
2017-04-22 12:30:16,436 - gia - INFO - Quantum object: dims = [[2, 2, 2, 2, 2, 2], [2, 2, 2, 2, 2, 2]], shape = (64, 64), type = oper, isherm = True
Qobj data =
[[ 1.15644449  0.          0.         ...,  0.          0.          0.        ]
 [ 0.         -2.90087723  0.         ...,  0.          0.          0.        ]
 [ 0.          0.          3.72734331 ...,  0.          0.          0.        ]
 ..., 
 [ 0.          0.          0.         ..., -3.72734331  0.          0.        ]
 [ 0.          0.          0.         ...,  0.          2.90087723  0.        ]
 [ 0.          0.          0.         ...,  0.          0.         -1.15644449]]
2017-04-22 12:30:16,436 - gia - INFO - Quantum object: dims = [[2, 2, 2, 2, 2, 2], [2, 2, 2, 2, 2, 2]], shape = (64, 64), type = oper, isherm = True
Qobj data =
[[ 1.15644449  0.          0.         ...,  0.          0.          0.        ]
 [ 0.         -2.90087723  0.         ...,  0.          0.          0.        ]
 [ 0.          0.          3.72734331 ...,  0.          0.          0.        ]
 ..., 
 [ 0.          0.          0.         ..., -3.72734331  0.          0.        ]
 [ 0.          0.          0.         ...,  0.          2.90087723  0.        ]
 [ 0.          0.          0.         ...,  0.          0.         -1.15644449]]
2017-04-22 12:30:16,678 - gia - INFO - Interaction terms...
2017-04-22 12:30:16,678 - gia - INFO - Interaction terms...
2017-04-22 12:30:16,678 - gia - INFO - Interaction terms...
2017-04-22 12:30:16,678 - gia - INFO - Interaction terms...
2017-04-22 12:30:16,678 - gia - INFO - Interaction terms...
2017-04-22 12:30:16,921 - gia - INFO - Type of H1: <class 'qutip.qobj.Qobj'>
2017-04-22 12:30:16,921 - gia - INFO - Type of H1: <class 'qutip.qobj.Qobj'>
2017-04-22 12:30:16,921 - gia - INFO - Type of H1: <class 'qutip.qobj.Qobj'>
2017-04-22 12:30:16,921 - gia - INFO - Type of H1: <class 'qutip.qobj.Qobj'>
2017-04-22 12:30:16,921 - gia - INFO - Type of H1: <class 'qutip.qobj.Qobj'>
2017-04-22 12:30:17,144 - gia - INFO - Quantum object: dims = [[2, 2, 2, 2, 2, 2], [2, 2, 2, 2, 2, 2]], shape = (64, 64), type = oper, isherm = True
Qobj data =
[[ 0.37294378  0.          0.         ...,  0.          0.          0.        ]
 [ 0.          2.09519847 -1.70535815 ...,  0.          0.          0.        ]
 [ 0.         -1.70535815  1.73698598 ...,  0.          0.          0.        ]
 ..., 
 [ 0.          0.          0.         ...,  1.73698598 -1.70535815  0.        ]
 [ 0.          0.          0.         ..., -1.70535815  2.09519847  0.        ]
 [ 0.          0.          0.         ...,  0.          0.          0.37294378]]
2017-04-22 12:30:17,144 - gia - INFO - Quantum object: dims = [[2, 2, 2, 2, 2, 2], [2, 2, 2, 2, 2, 2]], shape = (64, 64), type = oper, isherm = True
Qobj data =
[[ 0.37294378  0.          0.         ...,  0.          0.          0.        ]
 [ 0.          2.09519847 -1.70535815 ...,  0.          0.          0.        ]
 [ 0.         -1.70535815  1.73698598 ...,  0.          0.          0.        ]
 ..., 
 [ 0.          0.          0.         ...,  1.73698598 -1.70535815  0.        ]
 [ 0.          0.          0.         ..., -1.70535815  2.09519847  0.        ]
 [ 0.          0.          0.         ...,  0.          0.          0.37294378]]
2017-04-22 12:30:17,144 - gia - INFO - Quantum object: dims = [[2, 2, 2, 2, 2, 2], [2, 2, 2, 2, 2, 2]], shape = (64, 64), type = oper, isherm = True
Qobj data =
[[ 0.37294378  0.          0.         ...,  0.          0.          0.        ]
 [ 0.          2.09519847 -1.70535815 ...,  0.          0.          0.        ]
 [ 0.         -1.70535815  1.73698598 ...,  0.          0.          0.        ]
 ..., 
 [ 0.          0.          0.         ...,  1.73698598 -1.70535815  0.        ]
 [ 0.          0.          0.         ..., -1.70535815  2.09519847  0.        ]
 [ 0.          0.          0.         ...,  0.          0.          0.37294378]]
2017-04-22 12:30:17,144 - gia - INFO - Quantum object: dims = [[2, 2, 2, 2, 2, 2], [2, 2, 2, 2, 2, 2]], shape = (64, 64), type = oper, isherm = True
Qobj data =
[[ 0.37294378  0.          0.         ...,  0.          0.          0.        ]
 [ 0.          2.09519847 -1.70535815 ...,  0.          0.          0.        ]
 [ 0.         -1.70535815  1.73698598 ...,  0.          0.          0.        ]
 ..., 
 [ 0.          0.          0.         ...,  1.73698598 -1.70535815  0.        ]
 [ 0.          0.          0.         ..., -1.70535815  2.09519847  0.        ]
 [ 0.          0.          0.         ...,  0.          0.          0.37294378]]
2017-04-22 12:30:17,144 - gia - INFO - Quantum object: dims = [[2, 2, 2, 2, 2, 2], [2, 2, 2, 2, 2, 2]], shape = (64, 64), type = oper, isherm = True
Qobj data =
[[ 0.37294378  0.          0.         ...,  0.          0.          0.        ]
 [ 0.          2.09519847 -1.70535815 ...,  0.          0.          0.        ]
 [ 0.         -1.70535815  1.73698598 ...,  0.          0.          0.        ]
 ..., 
 [ 0.          0.          0.         ...,  1.73698598 -1.70535815  0.        ]
 [ 0.          0.          0.         ..., -1.70535815  2.09519847  0.        ]
 [ 0.          0.          0.         ...,  0.          0.          0.37294378]]
2017-04-22 12:30:17,463 - gia - INFO - the time-dependent hamiltonian in list-function format...
2017-04-22 12:30:17,463 - gia - INFO - the time-dependent hamiltonian in list-function format...
2017-04-22 12:30:17,463 - gia - INFO - the time-dependent hamiltonian in list-function format...
2017-04-22 12:30:17,463 - gia - INFO - the time-dependent hamiltonian in list-function format...
2017-04-22 12:30:17,463 - gia - INFO - the time-dependent hamiltonian in list-function format...
2017-04-22 12:30:17,739 - gia - INFO - Type of args: {'t_max': 5.0}
2017-04-22 12:30:17,739 - gia - INFO - Type of args: {'t_max': 5.0}
2017-04-22 12:30:17,739 - gia - INFO - Type of args: {'t_max': 5.0}
2017-04-22 12:30:17,739 - gia - INFO - Type of args: {'t_max': 5.0}
2017-04-22 12:30:17,739 - gia - INFO - Type of args: {'t_max': 5.0}
2017-04-22 12:30:18,015 - gia - INFO - {'t_max': 5.0}
2017-04-22 12:30:18,015 - gia - INFO - {'t_max': 5.0}
2017-04-22 12:30:18,015 - gia - INFO - {'t_max': 5.0}
2017-04-22 12:30:18,015 - gia - INFO - {'t_max': 5.0}
2017-04-22 12:30:18,015 - gia - INFO - {'t_max': 5.0}
2017-04-22 12:30:18,295 - gia - INFO - Type of args: [[Quantum object: dims = [[2, 2, 2, 2, 2, 2], [2, 2, 2, 2, 2, 2]], shape = (64, 64), type = oper, isherm = True
Qobj data =
[[-7.5  0.   0.  ...,  0.   0.   0. ]
 [ 0.  -5.   0.  ...,  0.   0.   0. ]
 [ 0.   0.  -5.  ...,  0.   0.   0. ]
 ..., 
 [ 0.   0.   0.  ...,  5.   0.   0. ]
 [ 0.   0.   0.  ...,  0.   5.   0. ]
 [ 0.   0.   0.  ...,  0.   0.   7.5]], <function <lambda> at 0x7ff33dd0a758>], [Quantum object: dims = [[2, 2, 2, 2, 2, 2], [2, 2, 2, 2, 2, 2]], shape = (64, 64), type = oper, isherm = True
Qobj data =
[[ 0.37294378  0.          0.         ...,  0.          0.          0.        ]
 [ 0.          2.09519847 -1.70535815 ...,  0.          0.          0.        ]
 [ 0.         -1.70535815  1.73698598 ...,  0.          0.          0.        ]
 ..., 
 [ 0.          0.          0.         ...,  1.73698598 -1.70535815  0.        ]
 [ 0.          0.          0.         ..., -1.70535815  2.09519847  0.        ]
 [ 0.          0.          0.         ...,  0.          0.          0.37294378]], <function <lambda> at 0x7ff33dd0a7d0>]]
2017-04-22 12:30:18,295 - gia - INFO - Type of args: [[Quantum object: dims = [[2, 2, 2, 2, 2, 2], [2, 2, 2, 2, 2, 2]], shape = (64, 64), type = oper, isherm = True
Qobj data =
[[-7.5  0.   0.  ...,  0.   0.   0. ]
 [ 0.  -5.   0.  ...,  0.   0.   0. ]
 [ 0.   0.  -5.  ...,  0.   0.   0. ]
 ..., 
 [ 0.   0.   0.  ...,  5.   0.   0. ]
 [ 0.   0.   0.  ...,  0.   5.   0. ]
 [ 0.   0.   0.  ...,  0.   0.   7.5]], <function <lambda> at 0x7ff33dd0a758>], [Quantum object: dims = [[2, 2, 2, 2, 2, 2], [2, 2, 2, 2, 2, 2]], shape = (64, 64), type = oper, isherm = True
Qobj data =
[[ 0.37294378  0.          0.         ...,  0.          0.          0.        ]
 [ 0.          2.09519847 -1.70535815 ...,  0.          0.          0.        ]
 [ 0.         -1.70535815  1.73698598 ...,  0.          0.          0.        ]
 ..., 
 [ 0.          0.          0.         ...,  1.73698598 -1.70535815  0.        ]
 [ 0.          0.          0.         ..., -1.70535815  2.09519847  0.        ]
 [ 0.          0.          0.         ...,  0.          0.          0.37294378]], <function <lambda> at 0x7ff33dd0a7d0>]]
2017-04-22 12:30:18,295 - gia - INFO - Type of args: [[Quantum object: dims = [[2, 2, 2, 2, 2, 2], [2, 2, 2, 2, 2, 2]], shape = (64, 64), type = oper, isherm = True
Qobj data =
[[-7.5  0.   0.  ...,  0.   0.   0. ]
 [ 0.  -5.   0.  ...,  0.   0.   0. ]
 [ 0.   0.  -5.  ...,  0.   0.   0. ]
 ..., 
 [ 0.   0.   0.  ...,  5.   0.   0. ]
 [ 0.   0.   0.  ...,  0.   5.   0. ]
 [ 0.   0.   0.  ...,  0.   0.   7.5]], <function <lambda> at 0x7ff33dd0a758>], [Quantum object: dims = [[2, 2, 2, 2, 2, 2], [2, 2, 2, 2, 2, 2]], shape = (64, 64), type = oper, isherm = True
Qobj data =
[[ 0.37294378  0.          0.         ...,  0.          0.          0.        ]
 [ 0.          2.09519847 -1.70535815 ...,  0.          0.          0.        ]
 [ 0.         -1.70535815  1.73698598 ...,  0.          0.          0.        ]
 ..., 
 [ 0.          0.          0.         ...,  1.73698598 -1.70535815  0.        ]
 [ 0.          0.          0.         ..., -1.70535815  2.09519847  0.        ]
 [ 0.          0.          0.         ...,  0.          0.          0.37294378]], <function <lambda> at 0x7ff33dd0a7d0>]]
2017-04-22 12:30:18,295 - gia - INFO - Type of args: [[Quantum object: dims = [[2, 2, 2, 2, 2, 2], [2, 2, 2, 2, 2, 2]], shape = (64, 64), type = oper, isherm = True
Qobj data =
[[-7.5  0.   0.  ...,  0.   0.   0. ]
 [ 0.  -5.   0.  ...,  0.   0.   0. ]
 [ 0.   0.  -5.  ...,  0.   0.   0. ]
 ..., 
 [ 0.   0.   0.  ...,  5.   0.   0. ]
 [ 0.   0.   0.  ...,  0.   5.   0. ]
 [ 0.   0.   0.  ...,  0.   0.   7.5]], <function <lambda> at 0x7ff33dd0a758>], [Quantum object: dims = [[2, 2, 2, 2, 2, 2], [2, 2, 2, 2, 2, 2]], shape = (64, 64), type = oper, isherm = True
Qobj data =
[[ 0.37294378  0.          0.         ...,  0.          0.          0.        ]
 [ 0.          2.09519847 -1.70535815 ...,  0.          0.          0.        ]
 [ 0.         -1.70535815  1.73698598 ...,  0.          0.          0.        ]
 ..., 
 [ 0.          0.          0.         ...,  1.73698598 -1.70535815  0.        ]
 [ 0.          0.          0.         ..., -1.70535815  2.09519847  0.        ]
 [ 0.          0.          0.         ...,  0.          0.          0.37294378]], <function <lambda> at 0x7ff33dd0a7d0>]]
2017-04-22 12:30:18,295 - gia - INFO - Type of args: [[Quantum object: dims = [[2, 2, 2, 2, 2, 2], [2, 2, 2, 2, 2, 2]], shape = (64, 64), type = oper, isherm = True
Qobj data =
[[-7.5  0.   0.  ...,  0.   0.   0. ]
 [ 0.  -5.   0.  ...,  0.   0.   0. ]
 [ 0.   0.  -5.  ...,  0.   0.   0. ]
 ..., 
 [ 0.   0.   0.  ...,  5.   0.   0. ]
 [ 0.   0.   0.  ...,  0.   5.   0. ]
 [ 0.   0.   0.  ...,  0.   0.   7.5]], <function <lambda> at 0x7ff33dd0a758>], [Quantum object: dims = [[2, 2, 2, 2, 2, 2], [2, 2, 2, 2, 2, 2]], shape = (64, 64), type = oper, isherm = True
Qobj data =
[[ 0.37294378  0.          0.         ...,  0.          0.          0.        ]
 [ 0.          2.09519847 -1.70535815 ...,  0.          0.          0.        ]
 [ 0.         -1.70535815  1.73698598 ...,  0.          0.          0.        ]
 ..., 
 [ 0.          0.          0.         ...,  1.73698598 -1.70535815  0.        ]
 [ 0.          0.          0.         ..., -1.70535815  2.09519847  0.        ]
 [ 0.          0.          0.         ...,  0.          0.          0.37294378]], <function <lambda> at 0x7ff33dd0a7d0>]]
2017-04-22 12:30:18,571 - gia - INFO - [[Quantum object: dims = [[2, 2, 2, 2, 2, 2], [2, 2, 2, 2, 2, 2]], shape = (64, 64), type = oper, isherm = True
Qobj data =
[[-7.5  0.   0.  ...,  0.   0.   0. ]
 [ 0.  -5.   0.  ...,  0.   0.   0. ]
 [ 0.   0.  -5.  ...,  0.   0.   0. ]
 ..., 
 [ 0.   0.   0.  ...,  5.   0.   0. ]
 [ 0.   0.   0.  ...,  0.   5.   0. ]
 [ 0.   0.   0.  ...,  0.   0.   7.5]], <function <lambda> at 0x7ff33dd0a758>], [Quantum object: dims = [[2, 2, 2, 2, 2, 2], [2, 2, 2, 2, 2, 2]], shape = (64, 64), type = oper, isherm = True
Qobj data =
[[ 0.37294378  0.          0.         ...,  0.          0.          0.        ]
 [ 0.          2.09519847 -1.70535815 ...,  0.          0.          0.        ]
 [ 0.         -1.70535815  1.73698598 ...,  0.          0.          0.        ]
 ..., 
 [ 0.          0.          0.         ...,  1.73698598 -1.70535815  0.        ]
 [ 0.          0.          0.         ..., -1.70535815  2.09519847  0.        ]
 [ 0.          0.          0.         ...,  0.          0.          0.37294378]], <function <lambda> at 0x7ff33dd0a7d0>]]
2017-04-22 12:30:18,571 - gia - INFO - [[Quantum object: dims = [[2, 2, 2, 2, 2, 2], [2, 2, 2, 2, 2, 2]], shape = (64, 64), type = oper, isherm = True
Qobj data =
[[-7.5  0.   0.  ...,  0.   0.   0. ]
 [ 0.  -5.   0.  ...,  0.   0.   0. ]
 [ 0.   0.  -5.  ...,  0.   0.   0. ]
 ..., 
 [ 0.   0.   0.  ...,  5.   0.   0. ]
 [ 0.   0.   0.  ...,  0.   5.   0. ]
 [ 0.   0.   0.  ...,  0.   0.   7.5]], <function <lambda> at 0x7ff33dd0a758>], [Quantum object: dims = [[2, 2, 2, 2, 2, 2], [2, 2, 2, 2, 2, 2]], shape = (64, 64), type = oper, isherm = True
Qobj data =
[[ 0.37294378  0.          0.         ...,  0.          0.          0.        ]
 [ 0.          2.09519847 -1.70535815 ...,  0.          0.          0.        ]
 [ 0.         -1.70535815  1.73698598 ...,  0.          0.          0.        ]
 ..., 
 [ 0.          0.          0.         ...,  1.73698598 -1.70535815  0.        ]
 [ 0.          0.          0.         ..., -1.70535815  2.09519847  0.        ]
 [ 0.          0.          0.         ...,  0.          0.          0.37294378]], <function <lambda> at 0x7ff33dd0a7d0>]]
2017-04-22 12:30:18,571 - gia - INFO - [[Quantum object: dims = [[2, 2, 2, 2, 2, 2], [2, 2, 2, 2, 2, 2]], shape = (64, 64), type = oper, isherm = True
Qobj data =
[[-7.5  0.   0.  ...,  0.   0.   0. ]
 [ 0.  -5.   0.  ...,  0.   0.   0. ]
 [ 0.   0.  -5.  ...,  0.   0.   0. ]
 ..., 
 [ 0.   0.   0.  ...,  5.   0.   0. ]
 [ 0.   0.   0.  ...,  0.   5.   0. ]
 [ 0.   0.   0.  ...,  0.   0.   7.5]], <function <lambda> at 0x7ff33dd0a758>], [Quantum object: dims = [[2, 2, 2, 2, 2, 2], [2, 2, 2, 2, 2, 2]], shape = (64, 64), type = oper, isherm = True
Qobj data =
[[ 0.37294378  0.          0.         ...,  0.          0.          0.        ]
 [ 0.          2.09519847 -1.70535815 ...,  0.          0.          0.        ]
 [ 0.         -1.70535815  1.73698598 ...,  0.          0.          0.        ]
 ..., 
 [ 0.          0.          0.         ...,  1.73698598 -1.70535815  0.        ]
 [ 0.          0.          0.         ..., -1.70535815  2.09519847  0.        ]
 [ 0.          0.          0.         ...,  0.          0.          0.37294378]], <function <lambda> at 0x7ff33dd0a7d0>]]
2017-04-22 12:30:18,571 - gia - INFO - [[Quantum object: dims = [[2, 2, 2, 2, 2, 2], [2, 2, 2, 2, 2, 2]], shape = (64, 64), type = oper, isherm = True
Qobj data =
[[-7.5  0.   0.  ...,  0.   0.   0. ]
 [ 0.  -5.   0.  ...,  0.   0.   0. ]
 [ 0.   0.  -5.  ...,  0.   0.   0. ]
 ..., 
 [ 0.   0.   0.  ...,  5.   0.   0. ]
 [ 0.   0.   0.  ...,  0.   5.   0. ]
 [ 0.   0.   0.  ...,  0.   0.   7.5]], <function <lambda> at 0x7ff33dd0a758>], [Quantum object: dims = [[2, 2, 2, 2, 2, 2], [2, 2, 2, 2, 2, 2]], shape = (64, 64), type = oper, isherm = True
Qobj data =
[[ 0.37294378  0.          0.         ...,  0.          0.          0.        ]
 [ 0.          2.09519847 -1.70535815 ...,  0.          0.          0.        ]
 [ 0.         -1.70535815  1.73698598 ...,  0.          0.          0.        ]
 ..., 
 [ 0.          0.          0.         ...,  1.73698598 -1.70535815  0.        ]
 [ 0.          0.          0.         ..., -1.70535815  2.09519847  0.        ]
 [ 0.          0.          0.         ...,  0.          0.          0.37294378]], <function <lambda> at 0x7ff33dd0a7d0>]]
2017-04-22 12:30:18,571 - gia - INFO - [[Quantum object: dims = [[2, 2, 2, 2, 2, 2], [2, 2, 2, 2, 2, 2]], shape = (64, 64), type = oper, isherm = True
Qobj data =
[[-7.5  0.   0.  ...,  0.   0.   0. ]
 [ 0.  -5.   0.  ...,  0.   0.   0. ]
 [ 0.   0.  -5.  ...,  0.   0.   0. ]
 ..., 
 [ 0.   0.   0.  ...,  5.   0.   0. ]
 [ 0.   0.   0.  ...,  0.   5.   0. ]
 [ 0.   0.   0.  ...,  0.   0.   7.5]], <function <lambda> at 0x7ff33dd0a758>], [Quantum object: dims = [[2, 2, 2, 2, 2, 2], [2, 2, 2, 2, 2, 2]], shape = (64, 64), type = oper, isherm = True
Qobj data =
[[ 0.37294378  0.          0.         ...,  0.          0.          0.        ]
 [ 0.          2.09519847 -1.70535815 ...,  0.          0.          0.        ]
 [ 0.         -1.70535815  1.73698598 ...,  0.          0.          0.        ]
 ..., 
 [ 0.          0.          0.         ...,  1.73698598 -1.70535815  0.        ]
 [ 0.          0.          0.         ..., -1.70535815  2.09519847  0.        ]
 [ 0.          0.          0.         ...,  0.          0.          0.37294378]], <function <lambda> at 0x7ff33dd0a7d0>]]
2017-04-22 15:19:34,421 - gia - INFO - Type of h: <type 'numpy.ndarray'>
2017-04-22 15:19:34,422 - gia - INFO - [-6.06278827 -3.01711307  4.74460092 -4.61365491  1.8904685  -3.05421458]
2017-04-22 15:19:34,468 - gia - INFO - Type of Jz: <type 'numpy.ndarray'>
2017-04-22 15:19:34,512 - gia - INFO - [ 1.26368899  4.70250212 -5.59808812 -3.73898791  2.86644801 -6.11676448]
2017-04-22 15:19:34,556 - gia - INFO - Type of Jx: <type 'numpy.ndarray'>
2017-04-22 15:19:34,601 - gia - INFO - [-1.98441022 -6.07728145 -1.78191263 -0.47007201 -5.42028054  3.52083917]
2017-04-22 15:19:34,645 - gia - INFO - Type of Jy: <type 'numpy.ndarray'>
2017-04-22 15:19:34,689 - gia - INFO - [ 5.31504735 -0.28115475  0.18205907 -5.75594356 -4.48181215 -4.77163809]
2017-04-22 15:19:34,733 - gia - INFO - Type of taulist: <type 'numpy.ndarray'>
2017-04-22 15:19:34,836 - gia - INFO - [ 0.          0.05050505  0.1010101   0.15151515  0.2020202   0.25252525
  0.3030303   0.35353535  0.4040404   0.45454545  0.50505051  0.55555556
  0.60606061  0.65656566  0.70707071  0.75757576  0.80808081  0.85858586
  0.90909091  0.95959596  1.01010101  1.06060606  1.11111111  1.16161616
  1.21212121  1.26262626  1.31313131  1.36363636  1.41414141  1.46464646
  1.51515152  1.56565657  1.61616162  1.66666667  1.71717172  1.76767677
  1.81818182  1.86868687  1.91919192  1.96969697  2.02020202  2.07070707
  2.12121212  2.17171717  2.22222222  2.27272727  2.32323232  2.37373737
  2.42424242  2.47474747  2.52525253  2.57575758  2.62626263  2.67676768
  2.72727273  2.77777778  2.82828283  2.87878788  2.92929293  2.97979798
  3.03030303  3.08080808  3.13131313  3.18181818  3.23232323  3.28282828
  3.33333333  3.38383838  3.43434343  3.48484848  3.53535354  3.58585859
  3.63636364  3.68686869  3.73737374  3.78787879  3.83838384  3.88888889
  3.93939394  3.98989899  4.04040404  4.09090909  4.14141414  4.19191919
  4.24242424  4.29292929  4.34343434  4.39393939  4.44444444  4.49494949
  4.54545455  4.5959596   4.64646465  4.6969697   4.74747475  4.7979798
  4.84848485  4.8989899   4.94949495  5.        ]
2017-04-22 15:19:34,888 - gia - INFO - Type of taulist: <class 'qutip.qobj.Qobj'>
2017-04-22 15:19:34,933 - gia - INFO - Quantum object: dims = [[2], [2]], shape = (2, 2), type = oper, isherm = True
Qobj data =
[[ 1.  0.]
 [ 0.  1.]]
2017-04-22 15:19:34,977 - gia - INFO - Type of taulist: <class 'qutip.qobj.Qobj'>
2017-04-22 15:19:35,021 - gia - INFO - Quantum object: dims = [[2], [2]], shape = (2, 2), type = oper, isherm = True
Qobj data =
[[ 0.  1.]
 [ 1.  0.]]
2017-04-22 15:19:35,065 - gia - INFO - Type of taulist: <class 'qutip.qobj.Qobj'>
2017-04-22 15:19:35,165 - gia - INFO - Quantum object: dims = [[2], [2]], shape = (2, 2), type = oper, isherm = True
Qobj data =
[[ 0.+0.j  0.-1.j]
 [ 0.+1.j  0.+0.j]]
2017-04-22 15:19:35,209 - gia - INFO - Type of taulist: <class 'qutip.qobj.Qobj'>
2017-04-22 15:19:35,253 - gia - INFO - Quantum object: dims = [[2], [2]], shape = (2, 2), type = oper, isherm = True
Qobj data =
[[ 1.  0.]
 [ 0. -1.]]
2017-04-22 15:19:35,303 - gia - INFO - Type of psi_list: <type 'list'>
2017-04-22 15:19:35,356 - gia - INFO - [Quantum object: dims = [[2], [1]], shape = (2, 1), type = ket
Qobj data =
[[ 1.]
 [ 0.]], Quantum object: dims = [[2], [1]], shape = (2, 1), type = ket
Qobj data =
[[ 1.]
 [ 0.]], Quantum object: dims = [[2], [1]], shape = (2, 1), type = ket
Qobj data =
[[ 1.]
 [ 0.]], Quantum object: dims = [[2], [1]], shape = (2, 1), type = ket
Qobj data =
[[ 1.]
 [ 0.]], Quantum object: dims = [[2], [1]], shape = (2, 1), type = ket
Qobj data =
[[ 1.]
 [ 0.]], Quantum object: dims = [[2], [1]], shape = (2, 1), type = ket
Qobj data =
[[ 1.]
 [ 0.]]]
2017-04-22 15:19:35,408 - gia - INFO - Type of psi0: <class 'qutip.qobj.Qobj'>
2017-04-22 15:19:35,454 - gia - INFO - Quantum object: dims = [[2, 2, 2, 2, 2, 2], [1, 1, 1, 1, 1, 1]], shape = (64, 1), type = ket
Qobj data =
[[ 1.]
 [ 0.]
 [ 0.]
 [ 0.]
 [ 0.]
 [ 0.]
 [ 0.]
 [ 0.]
 [ 0.]
 [ 0.]
 [ 0.]
 [ 0.]
 [ 0.]
 [ 0.]
 [ 0.]
 [ 0.]
 [ 0.]
 [ 0.]
 [ 0.]
 [ 0.]
 [ 0.]
 [ 0.]
 [ 0.]
 [ 0.]
 [ 0.]
 [ 0.]
 [ 0.]
 [ 0.]
 [ 0.]
 [ 0.]
 [ 0.]
 [ 0.]
 [ 0.]
 [ 0.]
 [ 0.]
 [ 0.]
 [ 0.]
 [ 0.]
 [ 0.]
 [ 0.]
 [ 0.]
 [ 0.]
 [ 0.]
 [ 0.]
 [ 0.]
 [ 0.]
 [ 0.]
 [ 0.]
 [ 0.]
 [ 0.]
 [ 0.]
 [ 0.]
 [ 0.]
 [ 0.]
 [ 0.]
 [ 0.]
 [ 0.]
 [ 0.]
 [ 0.]
 [ 0.]
 [ 0.]
 [ 0.]
 [ 0.]
 [ 0.]]
2017-04-22 15:19:35,510 - gia - INFO - Type of H0: <class 'qutip.qobj.Qobj'>
2017-04-22 15:19:35,564 - gia - INFO - Quantum object: dims = [[2, 2, 2, 2, 2, 2], [2, 2, 2, 2, 2, 2]], shape = (64, 64), type = oper, isherm = True
Qobj data =
[[-7.5  0.   0.  ...,  0.   0.   0. ]
 [ 0.  -5.   0.  ...,  0.   0.   0. ]
 [ 0.   0.  -5.  ...,  0.   0.   0. ]
 ..., 
 [ 0.   0.   0.  ...,  5.   0.   0. ]
 [ 0.   0.   0.  ...,  0.   5.   0. ]
 [ 0.   0.   0.  ...,  0.   0.   7.5]]
2017-04-22 15:19:35,621 - gia - INFO - Energy splitting terms...
2017-04-22 15:19:35,673 - gia - INFO - Type of H0: <class 'qutip.qobj.Qobj'>
2017-04-22 15:19:35,719 - gia - INFO - Quantum object: dims = [[2, 2, 2, 2, 2, 2], [2, 2, 2, 2, 2, 2]], shape = (64, 64), type = oper, isherm = True
Qobj data =
[[ 5.0563507   0.          0.         ...,  0.          0.          0.        ]
 [ 0.          2.00213612  0.         ...,  0.          0.          0.        ]
 [ 0.          0.          6.9468192  ...,  0.          0.          0.        ]
 ..., 
 [ 0.          0.          0.         ..., -6.9468192   0.          0.        ]
 [ 0.          0.          0.         ...,  0.         -2.00213612  0.        ]
 [ 0.          0.          0.         ...,  0.          0.         -5.0563507 ]]
2017-04-22 15:19:35,784 - gia - INFO - Interaction terms...
2017-04-22 15:19:35,828 - gia - INFO - Type of H1: <class 'qutip.qobj.Qobj'>
2017-04-22 15:19:35,885 - gia - INFO - Quantum object: dims = [[2, 2, 2, 2, 2, 2], [2, 2, 2, 2, 2, 2]], shape = (64, 64), type = oper, isherm = True
Qobj data =
[[ 0.25221846  0.          0.         ...,  0.          0.          0.        ]
 [ 0.          3.11866647  4.95104634 ...,  0.          0.          0.        ]
 [ 0.          4.95104634 -0.62032144 ...,  0.          0.          0.        ]
 ..., 
 [ 0.          0.          0.         ..., -0.62032144  4.95104634  0.        ]
 [ 0.          0.          0.         ...,  4.95104634  3.11866647  0.        ]
 [ 0.          0.          0.         ...,  0.          0.          0.25221846]]
2017-04-22 15:19:35,938 - gia - INFO - the time-dependent hamiltonian in list-function format...
2017-04-22 15:19:35,983 - gia - INFO - Type of args: {'t_max': 5.0}
2017-04-22 15:19:36,038 - gia - INFO - {'t_max': 5.0}
2017-04-22 15:19:36,096 - gia - INFO - Type of args: [[Quantum object: dims = [[2, 2, 2, 2, 2, 2], [2, 2, 2, 2, 2, 2]], shape = (64, 64), type = oper, isherm = True
Qobj data =
[[-7.5  0.   0.  ...,  0.   0.   0. ]
 [ 0.  -5.   0.  ...,  0.   0.   0. ]
 [ 0.   0.  -5.  ...,  0.   0.   0. ]
 ..., 
 [ 0.   0.   0.  ...,  5.   0.   0. ]
 [ 0.   0.   0.  ...,  0.   5.   0. ]
 [ 0.   0.   0.  ...,  0.   0.   7.5]], <function <lambda> at 0x7ff981bb87d0>], [Quantum object: dims = [[2, 2, 2, 2, 2, 2], [2, 2, 2, 2, 2, 2]], shape = (64, 64), type = oper, isherm = True
Qobj data =
[[ 0.25221846  0.          0.         ...,  0.          0.          0.        ]
 [ 0.          3.11866647  4.95104634 ...,  0.          0.          0.        ]
 [ 0.          4.95104634 -0.62032144 ...,  0.          0.          0.        ]
 ..., 
 [ 0.          0.          0.         ..., -0.62032144  4.95104634  0.        ]
 [ 0.          0.          0.         ...,  4.95104634  3.11866647  0.        ]
 [ 0.          0.          0.         ...,  0.          0.          0.25221846]], <function <lambda> at 0x7ff981bb8848>]]
2017-04-22 15:19:36,163 - gia - INFO - [[Quantum object: dims = [[2, 2, 2, 2, 2, 2], [2, 2, 2, 2, 2, 2]], shape = (64, 64), type = oper, isherm = True
Qobj data =
[[-7.5  0.   0.  ...,  0.   0.   0. ]
 [ 0.  -5.   0.  ...,  0.   0.   0. ]
 [ 0.   0.  -5.  ...,  0.   0.   0. ]
 ..., 
 [ 0.   0.   0.  ...,  5.   0.   0. ]
 [ 0.   0.   0.  ...,  0.   5.   0. ]
 [ 0.   0.   0.  ...,  0.   0.   7.5]], <function <lambda> at 0x7ff981bb87d0>], [Quantum object: dims = [[2, 2, 2, 2, 2, 2], [2, 2, 2, 2, 2, 2]], shape = (64, 64), type = oper, isherm = True
Qobj data =
[[ 0.25221846  0.          0.         ...,  0.          0.          0.        ]
 [ 0.          3.11866647  4.95104634 ...,  0.          0.          0.        ]
 [ 0.          4.95104634 -0.62032144 ...,  0.          0.          0.        ]
 ..., 
 [ 0.          0.          0.         ..., -0.62032144  4.95104634  0.        ]
 [ 0.          0.          0.         ...,  4.95104634  3.11866647  0.        ]
 [ 0.          0.          0.         ...,  0.          0.          0.25221846]], <function <lambda> at 0x7ff981bb8848>]]
2017-04-22 15:19:46,606 - gia - INFO - 



>>>>>>>>>>>>>>>>>>>>>>>>>>>>>Experiment started --------------------------------------------------------------------------------
