2016-11-15 01:30:04,921 - graph_iso - INFO - Invoking get_restricted_qubo()...
2016-11-15 01:30:04,921 - graph_iso - INFO - Graph 1:
2016-11-15 01:31:55,144 - graph_iso - INFO - Invoking get_restricted_qubo()...
2016-11-15 01:31:55,144 - graph_iso - INFO - Graph 1:
2016-11-15 01:31:55,193 - graph_iso - INFO -   (0, 2)	1
  (1, 2)	1
  (1, 3)	1
  (2, 0)	1
  (2, 1)	1
  (2, 4)	1
  (3, 1)	1
  (3, 4)	1
  (4, 2)	1
  (4, 3)	1
2016-11-15 01:31:55,237 - graph_iso - INFO - Graph 2:
2016-11-15 01:31:55,282 - graph_iso - INFO -   (0, 2)	1
  (0, 4)	1
  (1, 2)	1
  (1, 3)	1
  (1, 4)	1
  (2, 0)	1
  (2, 1)	1
  (2, 3)	1
  (3, 1)	1
  (3, 2)	1
  (3, 4)	1
  (4, 0)	1
  (4, 1)	1
  (4, 3)	1
2016-11-15 03:04:18,540 - graph_iso - INFO - Invoking get_restricted_qubo()...
2016-11-15 03:04:18,540 - graph_iso - INFO - Graph 1:
2016-11-15 03:04:18,585 - graph_iso - INFO -   (0, 1)	1
  (0, 2)	1
  (0, 4)	1
  (1, 0)	1
  (1, 3)	1
  (2, 0)	1
  (2, 4)	1
  (3, 1)	1
  (4, 0)	1
  (4, 2)	1
2016-11-15 03:04:18,629 - graph_iso - INFO - Nodes: 
2016-11-15 12:15:02,823 - graph_iso - INFO - Invoking get_restricted_qubo()...
2016-11-15 12:15:02,825 - graph_iso - INFO - Graph 1:
2016-11-15 12:15:02,878 - graph_iso - INFO -   (0, 1)	1
  (0, 2)	1
  (0, 4)	1
  (1, 0)	1
  (2, 0)	1
  (2, 3)	1
  (2, 4)	1
  (3, 2)	1
  (4, 0)	1
  (4, 2)	1
2016-11-15 12:15:02,966 - graph_iso - INFO - Graph 2:
2016-11-15 12:15:03,011 - graph_iso - INFO -   (0, 1)	1
  (0, 2)	1
  (0, 4)	1
  (1, 0)	1
  (2, 0)	1
  (2, 3)	1
  (2, 4)	1
  (3, 2)	1
  (4, 0)	1
  (4, 2)	1
2016-11-15 12:15:03,088 - graph_iso - INFO - Dictionary initialized.
2016-11-15 12:15:03,132 - graph_iso - INFO - Dictionary loaded.
2016-11-15 12:15:03,220 - graph_iso - INFO - [(0, 0), (0, 2), (1, 1), (1, 3), (2, 0), (2, 2), (3, 1), (3, 3), (4, 4)]
